This is LuaTeX, Version 1.10.1 (MiKTeX 2.9.7140 64-bit)  (format=lualatex 2019.9.12)  12 FEB 2020 09:52
 system commands enabled.
**"Coding and Cryptography.tex"
("./Coding and Cryptography.tex"
LaTeX2e <2018-12-01>
Lua module: luaotfload-main 2019-07-04 2.98 luaotfload entry point
Lua module: luaotfload-init 2019-07-04 2.98 luaotfload submodule / initializatio
n
Lua module: lualibs 2019-07-04 2.66 ConTeXt Lua standard libraries.
Lua module: lualibs-extended 2019-07-04 2.66 ConTeXt Lua libraries -- extended c
ollection.
Lua module: luaotfload-log 2019-07-04 2.98 luaotfload submodule / logging
Lua module: luaotfload-parsers 2019-07-04 2.98 luaotfload submodule / filelist
Lua module: luaotfload-configuration 2019-07-04 2.98 luaotfload submodule / conf
ig file reader
luaotfload | conf : Root cache directory is C:/Users/Harry/AppData/Local/MiKTeX/
2.9/luatex-cache/generic/names.
luaotfload | init : Loading fontloader “fontloader-2019-07-04.lua” from kpse
-resolved path “C:/Program Files/MiKTeX 2.9/tex/luatex/luaotfload/fontloader-2
019-07-04.lua”.
Lua-only attribute luaotfload@state = 2
Lua-only attribute luaotfload@noligature = 3
Lua-only attribute luaotfload@syllabe = 4
luaotfload | init : Context OpenType loader version “3.108”
Inserting `luaotfload.node_processor' at position 1 in `pre_linebreak_filter'.
Inserting `luaotfload.node_processor' at position 1 in `hpack_filter'.
Lua module: luaotfload-loaders 2019-07-04 2.98 luaotfload submodule / callback h
andling
Inserting `luaotfload.define_font' at position 1 in `define_font'.
Lua module: luaotfload-database 2019-07-04 2.98 luaotfload submodule / database
Lua module: luaotfload-colors 2019-07-04 2.98 luaotfload submodule / color
Lua-only attribute luaotfload_color_attribute = 5
Lua module: luaotfload-resolvers 2019-07-04 2.98 luaotfload submodule / resolver
s
luaotfload | conf : Root cache directory is C:/Users/Harry/AppData/Local/MiKTeX/
2.9/luatex-cache/generic/names.
Lua module: luaotfload-features 2019-07-04 2.98 luaotfload submodule / features
Lua module: luaotfload-letterspace 2019-07-04 2.98 luaotfload submodule / color
Lua module: luaotfload-embolden 2019-07-04 2.98 luaotfload submodule / color
Lua module: luaotfload-notdef 2019-07-04 2.98 luaotfload submodule / color
Lua module: luaotfload-auxiliary 2019-07-04 2.98 luaotfload submodule / auxiliar
y functions
Inserting `luaotfload.aux.set_sscale_dimens' at position 1 in `luaotfload.patch_
font'.
Inserting `luaotfload.aux.patch_cambria_domh' at position 2 in `luaotfload.patch
_font'.
Inserting `luaotfload.aux.fixup_fontdata' at position 1 in `luaotfload.patch_fon
t_unsafe'.
Inserting `luaotfload.aux.set_capheight' at position 3 in `luaotfload.patch_font
'.
Inserting `luaotfload.aux.set_xheight' at position 4 in `luaotfload.patch_font'.
Inserting `luaotfload.rewrite_fontname' at position 5 in `luaotfload.patch_font'
.
luaotfload | main : initialization completed in 0.844 seconds
("C:/Program Files/MiKTeX 2.9/tex/latex/base/article.cls"
Document Class: article 2018/09/03 v1.4i Standard LaTeX document class
("C:/Program Files/MiKTeX 2.9/tex/latex/base/size10.clo"
File: size10.clo 2018/09/03 v1.4i Standard LaTeX file (size option)
luaotfload | db : Font names database loaded from C:/Users/Harry/AppData/Local/M
iKTeX/2.9/luatex-cache/generic/names/luaotfload-names.luc)
\c@part=\count80
\c@section=\count81
\c@subsection=\count82
\c@subsubsection=\count83
\c@paragraph=\count84
\c@subparagraph=\count85
\c@figure=\count86
\c@table=\count87
\abovecaptionskip=\skip41
\belowcaptionskip=\skip42
\bibindent=\dimen102
) (./preamble.tex
("C:/Program Files/MiKTeX 2.9/tex/latex/base/inputenc.sty"
Package: inputenc 2018/08/11 v1.3c Input encoding file
\inpenc@prehook=\toks14
\inpenc@posthook=\toks15


Package inputenc Warning: inputenc package ignored with utf8 based engines.

) ("C:/Program Files/MiKTeX 2.9/tex/latex/xcolor/xcolor.sty"
Package: xcolor 2016/05/11 v2.12 LaTeX color extensions (UK)

("C:/Program Files/MiKTeX 2.9/tex/latex/graphics-cfg/color.cfg"
File: color.cfg 2016/01/02 v1.6 sample color configuration
)
Package xcolor Info: Driver file: luatex.def on input line 225.

("C:/Program Files/MiKTeX 2.9/tex/latex/graphics-def/luatex.def"
File: luatex.def 2018/01/08 v1.0l Graphics/color driver for luatex
)
Package xcolor Info: Model `cmy' substituted by `cmy0' on input line 1348.
Package xcolor Info: Model `hsb' substituted by `rgb' on input line 1352.
Package xcolor Info: Model `RGB' extended on input line 1364.
Package xcolor Info: Model `HTML' substituted by `rgb' on input line 1366.
Package xcolor Info: Model `Hsb' substituted by `hsb' on input line 1367.
Package xcolor Info: Model `tHsb' substituted by `hsb' on input line 1368.
Package xcolor Info: Model `HSB' substituted by `hsb' on input line 1369.
Package xcolor Info: Model `Gray' substituted by `gray' on input line 1370.
Package xcolor Info: Model `wave' substituted by `hsb' on input line 1371.
)
("C:/Program Files/MiKTeX 2.9/tex/latex/xcolor-material/xcolor-material.sty"
Package: xcolor-material 2016/10/11 v0.1 A package for accessing Google Material
 colors using the xcolor package

("C:/Program Files/MiKTeX 2.9/tex/latex/oberdiek/kvoptions.sty"
Package: kvoptions 2016/05/16 v3.12 Key value format for package options (HO)

("C:/Program Files/MiKTeX 2.9/tex/latex/graphics/keyval.sty"
Package: keyval 2014/10/28 v1.15 key=value parser (DPC)
\KV@toks@=\toks16
)
("C:/Program Files/MiKTeX 2.9/tex/generic/oberdiek/ltxcmds.sty"
Package: ltxcmds 2016/05/16 v1.23 LaTeX kernel commands for general use (HO)
)
("C:/Program Files/MiKTeX 2.9/tex/generic/oberdiek/kvsetkeys.sty"
Package: kvsetkeys 2016/05/16 v1.17 Key value parser (HO)

("C:/Program Files/MiKTeX 2.9/tex/generic/oberdiek/infwarerr.sty"
Package: infwarerr 2016/05/16 v1.4 Providing info/warning/error messages (HO)
)
("C:/Program Files/MiKTeX 2.9/tex/generic/oberdiek/etexcmds.sty"
Package: etexcmds 2016/05/16 v1.6 Avoid name clashes with e-TeX commands (HO)

("C:/Program Files/MiKTeX 2.9/tex/generic/oberdiek/ifluatex.sty"
Package: ifluatex 2016/05/16 v1.4 Provides the ifluatex switch (HO)
Package ifluatex Info: LuaTeX detected.
)))))
("C:/Program Files/MiKTeX 2.9/tex/latex/graphics/graphicx.sty"
Package: graphicx 2017/06/01 v1.1a Enhanced LaTeX Graphics (DPC,SPQR)

("C:/Program Files/MiKTeX 2.9/tex/latex/graphics/graphics.sty"
Package: graphics 2017/06/25 v1.2c Standard LaTeX Graphics (DPC,SPQR)

("C:/Program Files/MiKTeX 2.9/tex/latex/graphics/trig.sty"
Package: trig 2016/01/03 v1.10 sin cos tan (DPC)
)
("C:/Program Files/MiKTeX 2.9/tex/latex/graphics-cfg/graphics.cfg"
File: graphics.cfg 2016/06/04 v1.11 sample graphics configuration
)
Package graphics Info: Driver file: luatex.def on input line 99.
)
\Gin@req@height=\dimen103
\Gin@req@width=\dimen104
)
("C:/Program Files/MiKTeX 2.9/tex/latex/amsmath/amsmath.sty"
Package: amsmath 2018/12/01 v2.17b AMS math features
\@mathmargin=\skip43

For additional information on amsmath, use the `?' option.
("C:/Program Files/MiKTeX 2.9/tex/latex/amsmath/amstext.sty"
Package: amstext 2000/06/29 v2.01 AMS text

("C:/Program Files/MiKTeX 2.9/tex/latex/amsmath/amsgen.sty"
File: amsgen.sty 1999/11/30 v2.0 generic functions
\@emptytoks=\toks17
\ex@=\dimen105
))
("C:/Program Files/MiKTeX 2.9/tex/latex/amsmath/amsbsy.sty"
Package: amsbsy 1999/11/29 v1.2d Bold Symbols
\pmbraise@=\dimen106
)
("C:/Program Files/MiKTeX 2.9/tex/latex/amsmath/amsopn.sty"
Package: amsopn 2016/03/08 v2.02 operator names
)
\inf@bad=\count88
LaTeX Info: Redefining \frac on input line 223.
\uproot@=\count89
\leftroot@=\count90
LaTeX Info: Redefining \overline on input line 385.
\classnum@=\count91
\DOTSCASE@=\count92
LaTeX Info: Redefining \ldots on input line 482.
LaTeX Info: Redefining \dots on input line 485.
LaTeX Info: Redefining \cdots on input line 606.
\Mathstrutbox@=\box27
\strutbox@=\box28
\big@size=\dimen107
LaTeX Font Info:    Redeclaring font encoding OML on input line 729.
LaTeX Font Info:    Redeclaring font encoding OMS on input line 730.
\macc@depth=\count93
\c@MaxMatrixCols=\count94
\dotsspace@=\muskip10
\c@parentequation=\count95
\dspbrk@lvl=\count96
\tag@help=\toks18
\row@=\count97
\column@=\count98
\maxfields@=\count99
\andhelp@=\toks19
\eqnshift@=\dimen108
\alignsep@=\dimen109
\tagshift@=\dimen110
\tagwidth@=\dimen111
\totwidth@=\dimen112
\lineht@=\dimen113
\@envbody=\toks20
\multlinegap=\skip44
\multlinetaggap=\skip45
\mathdisplay@stack=\toks21
LaTeX Info: Redefining \[ on input line 2844.
LaTeX Info: Redefining \] on input line 2845.
)
("C:/Program Files/MiKTeX 2.9/tex/latex/amsfonts/amsfonts.sty"
Package: amsfonts 2013/01/14 v3.01 Basic AMSFonts support
\symAMSa=\mathgroup4
\symAMSb=\mathgroup5
LaTeX Font Info:    Overwriting math alphabet `\mathfrak' in version `bold'
(Font)                  U/euf/m/n --> U/euf/b/n on input line 106.
)
("C:/Program Files/MiKTeX 2.9/tex/latex/amsfonts/amssymb.sty"
Package: amssymb 2013/01/14 v3.01 AMS font symbols
)
("C:/Program Files/MiKTeX 2.9/tex/latex/amscls/amsthm.sty"
Package: amsthm 2017/10/31 v2.20.4
\thm@style=\toks22
\thm@bodyfont=\toks23
\thm@headfont=\toks24
\thm@notefont=\toks25
\thm@headpunct=\toks26
\thm@preskip=\skip46
\thm@postskip=\skip47
\thm@headsep=\skip48
\dth@everypar=\toks27
)
("C:/Program Files/MiKTeX 2.9/tex/latex/float/float.sty"
Package: float 2001/11/08 v1.3d Float enhancements (AL)
\c@float@type=\count100
\float@exts=\toks28
\float@box=\box29
\@float@everytoks=\toks29
\@floatcapt=\box30
)
("C:/Program Files/MiKTeX 2.9/tex/latex/mathtools/mathtools.sty"
Package: mathtools 2019/07/31 v1.22 mathematical typesetting tools

("C:/Program Files/MiKTeX 2.9/tex/latex/tools/calc.sty"
Package: calc 2017/05/25 v4.3 Infix arithmetic (KKT,FJ)
\calc@Acount=\count101
\calc@Bcount=\count102
\calc@Adimen=\dimen114
\calc@Bdimen=\dimen115
\calc@Askip=\skip49
\calc@Bskip=\skip50
LaTeX Info: Redefining \setlength on input line 80.
LaTeX Info: Redefining \addtolength on input line 81.
\calc@Ccount=\count103
\calc@Cskip=\skip51
)
("C:/Program Files/MiKTeX 2.9/tex/latex/mathtools/mhsetup.sty"
Package: mhsetup 2017/03/31 v1.3 programming setup (MH)
)
LaTeX Info: Thecontrolsequence`\('isalreadyrobust on input line 129.
LaTeX Info: Thecontrolsequence`\)'isalreadyrobust on input line 129.
LaTeX Info: Thecontrolsequence`\['isalreadyrobust on input line 129.
LaTeX Info: Thecontrolsequence`\]'isalreadyrobust on input line 129.
\g_MT_multlinerow_int=\count104
\l_MT_multwidth_dim=\dimen116
\origjot=\skip52
\l_MT_shortvdotswithinadjustabove_dim=\dimen117
\l_MT_shortvdotswithinadjustbelow_dim=\dimen118
\l_MT_above_intertext_sep=\dimen119
\l_MT_below_intertext_sep=\dimen120
\l_MT_above_shortintertext_sep=\dimen121
\l_MT_below_shortintertext_sep=\dimen122
)
("C:/Program Files/MiKTeX 2.9/tex/latex/geometry/geometry.sty"
Package: geometry 2018/04/16 v5.8 Page Geometry

("C:/Program Files/MiKTeX 2.9/tex/generic/oberdiek/ifpdf.sty"
Package: ifpdf 2018/09/07 v3.3 Provides the ifpdf switch
)
("C:/Program Files/MiKTeX 2.9/tex/generic/oberdiek/ifvtex.sty"
Package: ifvtex 2016/05/16 v1.6 Detect VTeX and its facilities (HO)
Package ifvtex Info: VTeX not detected.
)
("C:/Program Files/MiKTeX 2.9/tex/generic/ifxetex/ifxetex.sty"
Package: ifxetex 2010/09/12 v0.6 Provides ifxetex conditional
)
\Gm@cnth=\count105
\Gm@cntv=\count106
\c@Gm@tempcnt=\count107
\Gm@bindingoffset=\dimen123
\Gm@wd@mp=\dimen124
\Gm@odd@mp=\dimen125
\Gm@even@mp=\dimen126
\Gm@layoutwidth=\dimen127
\Gm@layoutheight=\dimen128
\Gm@layouthoffset=\dimen129
\Gm@layoutvoffset=\dimen130
\Gm@dimlist=\toks30

("C:/Program Files/MiKTeX 2.9/tex/latex/geometry/geometry.cfg"))
("C:/Program Files/MiKTeX 2.9/tex/latex/tools/xspace.sty"
Package: xspace 2014/10/28 v1.13 Space after command names (DPC,MH)
)
("C:/Program Files/MiKTeX 2.9/tex/latex/pgf/frontendlayer/tikz.sty"
("C:/Program Files/MiKTeX 2.9/tex/latex/pgf/basiclayer/pgf.sty"
("C:/Program Files/MiKTeX 2.9/tex/latex/pgf/utilities/pgfrcs.sty"
("C:/Program Files/MiKTeX 2.9/tex/generic/pgf/utilities/pgfutil-common.tex"
\pgfutil@everybye=\toks31
\pgfutil@tempdima=\dimen131
\pgfutil@tempdimb=\dimen132

("C:/Program Files/MiKTeX 2.9/tex/generic/pgf/utilities/pgfutil-common-lists.te
x")) ("C:/Program Files/MiKTeX 2.9/tex/generic/pgf/utilities/pgfutil-latex.def"
\pgfutil@abb=\box31
("C:/Program Files/MiKTeX 2.9/tex/latex/ms/everyshi.sty"
Package: everyshi 2001/05/15 v3.00 EveryShipout Package (MS)
))
("C:/Program Files/MiKTeX 2.9/tex/generic/pgf/utilities/pgfrcs.code.tex"
("C:/Program Files/MiKTeX 2.9/tex/generic/pgf/pgf.revision.tex")
Package: pgfrcs 2019/08/03 v3.1.4b (3.1.4b)
))
Package: pgf 2019/08/03 v3.1.4b (3.1.4b)

("C:/Program Files/MiKTeX 2.9/tex/latex/pgf/basiclayer/pgfcore.sty"
("C:/Program Files/MiKTeX 2.9/tex/latex/pgf/systemlayer/pgfsys.sty"
("C:/Program Files/MiKTeX 2.9/tex/generic/pgf/systemlayer/pgfsys.code.tex"
Package: pgfsys 2019/08/03 v3.1.4b (3.1.4b)

("C:/Program Files/MiKTeX 2.9/tex/generic/pgf/utilities/pgfkeys.code.tex"
\pgfkeys@pathtoks=\toks32
\pgfkeys@temptoks=\toks33

("C:/Program Files/MiKTeX 2.9/tex/generic/pgf/utilities/pgfkeysfiltered.code.te
x"
\pgfkeys@tmptoks=\toks34
))
\pgf@x=\dimen133
\pgf@y=\dimen134
\pgf@xa=\dimen135
\pgf@ya=\dimen136
\pgf@xb=\dimen137
\pgf@yb=\dimen138
\pgf@xc=\dimen139
\pgf@yc=\dimen140
\pgf@xd=\dimen141
\pgf@yd=\dimen142
\w@pgf@writea=\write3
\r@pgf@reada=\read1
\c@pgf@counta=\count108
\c@pgf@countb=\count109
\c@pgf@countc=\count110
\c@pgf@countd=\count111
\t@pgf@toka=\toks35
\t@pgf@tokb=\toks36
\t@pgf@tokc=\toks37
\pgf@sys@id@count=\count112
 ("C:/Program Files/MiKTeX 2.9/tex/generic/pgf/systemlayer/pgf.cfg"
File: pgf.cfg 2019/08/03 v3.1.4b (3.1.4b)
)
Driver file for pgf: pgfsys-luatex.def

("C:/Program Files/MiKTeX 2.9/tex/generic/pgf/systemlayer/pgfsys-luatex.def"
File: pgfsys-luatex.def 2019/08/03 v3.1.4b (3.1.4b)

("C:/Program Files/MiKTeX 2.9/tex/generic/pgf/systemlayer/pgfsys-common-pdf.def
"
File: pgfsys-common-pdf.def 2019/08/03 v3.1.4b (3.1.4b)
)))
("C:/Program Files/MiKTeX 2.9/tex/generic/pgf/systemlayer/pgfsyssoftpath.code.t
ex"
File: pgfsyssoftpath.code.tex 2019/08/03 v3.1.4b (3.1.4b)
\pgfsyssoftpath@smallbuffer@items=\count113
\pgfsyssoftpath@bigbuffer@items=\count114
)
("C:/Program Files/MiKTeX 2.9/tex/generic/pgf/systemlayer/pgfsysprotocol.code.t
ex"
File: pgfsysprotocol.code.tex 2019/08/03 v3.1.4b (3.1.4b)
)) ("C:/Program Files/MiKTeX 2.9/tex/generic/pgf/basiclayer/pgfcore.code.tex"
Package: pgfcore 2019/08/03 v3.1.4b (3.1.4b)
 ("C:/Program Files/MiKTeX 2.9/tex/generic/pgf/math/pgfmath.code.tex"
("C:/Program Files/MiKTeX 2.9/tex/generic/pgf/math/pgfmathcalc.code.tex"
("C:/Program Files/MiKTeX 2.9/tex/generic/pgf/math/pgfmathutil.code.tex")
("C:/Program Files/MiKTeX 2.9/tex/generic/pgf/math/pgfmathparser.code.tex"
\pgfmath@dimen=\dimen143
\pgfmath@count=\count115
\pgfmath@box=\box32
\pgfmath@toks=\toks38
\pgfmath@stack@operand=\toks39
\pgfmath@stack@operation=\toks40
)
("C:/Program Files/MiKTeX 2.9/tex/generic/pgf/math/pgfmathfunctions.code.tex"
("C:/Program Files/MiKTeX 2.9/tex/generic/pgf/math/pgfmathfunctions.basic.code.
tex")
("C:/Program Files/MiKTeX 2.9/tex/generic/pgf/math/pgfmathfunctions.trigonometr
ic.code.tex")
("C:/Program Files/MiKTeX 2.9/tex/generic/pgf/math/pgfmathfunctions.random.code
.tex")
("C:/Program Files/MiKTeX 2.9/tex/generic/pgf/math/pgfmathfunctions.comparison.
code.tex")
("C:/Program Files/MiKTeX 2.9/tex/generic/pgf/math/pgfmathfunctions.base.code.t
ex")
("C:/Program Files/MiKTeX 2.9/tex/generic/pgf/math/pgfmathfunctions.round.code.
tex")
("C:/Program Files/MiKTeX 2.9/tex/generic/pgf/math/pgfmathfunctions.misc.code.t
ex")
("C:/Program Files/MiKTeX 2.9/tex/generic/pgf/math/pgfmathfunctions.integerarit
hmetics.code.tex")))
("C:/Program Files/MiKTeX 2.9/tex/generic/pgf/math/pgfmathfloat.code.tex"
\c@pgfmathroundto@lastzeros=\count116
))
("C:/Program Files/MiKTeX 2.9/tex/generic/pgf/math/pgfint.code.tex")
("C:/Program Files/MiKTeX 2.9/tex/generic/pgf/basiclayer/pgfcorepoints.code.tex
"
File: pgfcorepoints.code.tex 2019/08/03 v3.1.4b (3.1.4b)
\pgf@picminx=\dimen144
\pgf@picmaxx=\dimen145
\pgf@picminy=\dimen146
\pgf@picmaxy=\dimen147
\pgf@pathminx=\dimen148
\pgf@pathmaxx=\dimen149
\pgf@pathminy=\dimen150
\pgf@pathmaxy=\dimen151
\pgf@xx=\dimen152
\pgf@xy=\dimen153
\pgf@yx=\dimen154
\pgf@yy=\dimen155
\pgf@zx=\dimen156
\pgf@zy=\dimen157
)
("C:/Program Files/MiKTeX 2.9/tex/generic/pgf/basiclayer/pgfcorepathconstruct.c
ode.tex"
File: pgfcorepathconstruct.code.tex 2019/08/03 v3.1.4b (3.1.4b)
\pgf@path@lastx=\dimen158
\pgf@path@lasty=\dimen159
)
("C:/Program Files/MiKTeX 2.9/tex/generic/pgf/basiclayer/pgfcorepathusage.code.
tex"
File: pgfcorepathusage.code.tex 2019/08/03 v3.1.4b (3.1.4b)
\pgf@shorten@end@additional=\dimen160
\pgf@shorten@start@additional=\dimen161
)
("C:/Program Files/MiKTeX 2.9/tex/generic/pgf/basiclayer/pgfcorescopes.code.tex
"
File: pgfcorescopes.code.tex 2019/08/03 v3.1.4b (3.1.4b)
\pgfpic=\box33
\pgf@hbox=\box34
\pgf@layerbox@main=\box35
\pgf@picture@serial@count=\count117
)
("C:/Program Files/MiKTeX 2.9/tex/generic/pgf/basiclayer/pgfcoregraphicstate.co
de.tex"
File: pgfcoregraphicstate.code.tex 2019/08/03 v3.1.4b (3.1.4b)
\pgflinewidth=\dimen162
)
("C:/Program Files/MiKTeX 2.9/tex/generic/pgf/basiclayer/pgfcoretransformations
.code.tex"
File: pgfcoretransformations.code.tex 2019/08/03 v3.1.4b (3.1.4b)
\pgf@pt@x=\dimen163
\pgf@pt@y=\dimen164
\pgf@pt@temp=\dimen165
)
("C:/Program Files/MiKTeX 2.9/tex/generic/pgf/basiclayer/pgfcorequick.code.tex"
File: pgfcorequick.code.tex 2019/08/03 v3.1.4b (3.1.4b)
)
("C:/Program Files/MiKTeX 2.9/tex/generic/pgf/basiclayer/pgfcoreobjects.code.te
x"
File: pgfcoreobjects.code.tex 2019/08/03 v3.1.4b (3.1.4b)
)
("C:/Program Files/MiKTeX 2.9/tex/generic/pgf/basiclayer/pgfcorepathprocessing.
code.tex"
File: pgfcorepathprocessing.code.tex 2019/08/03 v3.1.4b (3.1.4b)
)
("C:/Program Files/MiKTeX 2.9/tex/generic/pgf/basiclayer/pgfcorearrows.code.tex
"
File: pgfcorearrows.code.tex 2019/08/03 v3.1.4b (3.1.4b)
\pgfarrowsep=\dimen166
)
("C:/Program Files/MiKTeX 2.9/tex/generic/pgf/basiclayer/pgfcoreshade.code.tex"
File: pgfcoreshade.code.tex 2019/08/03 v3.1.4b (3.1.4b)
\pgf@max=\dimen167
\pgf@sys@shading@range@num=\count118
\pgf@shadingcount=\count119
) ("C:/Program Files/MiKTeX 2.9/tex/generic/pgf/basiclayer/pgfcoreimage.code.te
x"
File: pgfcoreimage.code.tex 2019/08/03 v3.1.4b (3.1.4b)

("C:/Program Files/MiKTeX 2.9/tex/generic/pgf/basiclayer/pgfcoreexternal.code.t
ex"
File: pgfcoreexternal.code.tex 2019/08/03 v3.1.4b (3.1.4b)
\pgfexternal@startupbox=\box36
))
("C:/Program Files/MiKTeX 2.9/tex/generic/pgf/basiclayer/pgfcorelayers.code.tex
"
File: pgfcorelayers.code.tex 2019/08/03 v3.1.4b (3.1.4b)
)
("C:/Program Files/MiKTeX 2.9/tex/generic/pgf/basiclayer/pgfcoretransparency.co
de.tex"
File: pgfcoretransparency.code.tex 2019/08/03 v3.1.4b (3.1.4b)
)
("C:/Program Files/MiKTeX 2.9/tex/generic/pgf/basiclayer/pgfcorepatterns.code.t
ex"
File: pgfcorepatterns.code.tex 2019/08/03 v3.1.4b (3.1.4b)
)
("C:/Program Files/MiKTeX 2.9/tex/generic/pgf/basiclayer/pgfcorerdf.code.tex"
File: pgfcorerdf.code.tex 2019/08/03 v3.1.4b (3.1.4b)
))) ("C:/Program Files/MiKTeX 2.9/tex/generic/pgf/modules/pgfmoduleshapes.code.
tex"
File: pgfmoduleshapes.code.tex 2019/08/03 v3.1.4b (3.1.4b)
\pgfnodeparttextbox=\box37
) ("C:/Program Files/MiKTeX 2.9/tex/generic/pgf/modules/pgfmoduleplot.code.tex"
File: pgfmoduleplot.code.tex 2019/08/03 v3.1.4b (3.1.4b)
)
("C:/Program Files/MiKTeX 2.9/tex/latex/pgf/compatibility/pgfcomp-version-0-65.
sty"
Package: pgfcomp-version-0-65 2019/08/03 v3.1.4b (3.1.4b)
\pgf@nodesepstart=\dimen168
\pgf@nodesepend=\dimen169
)
("C:/Program Files/MiKTeX 2.9/tex/latex/pgf/compatibility/pgfcomp-version-1-18.
sty"
Package: pgfcomp-version-1-18 2019/08/03 v3.1.4b (3.1.4b)
)) ("C:/Program Files/MiKTeX 2.9/tex/latex/pgf/utilities/pgffor.sty"
("C:/Program Files/MiKTeX 2.9/tex/latex/pgf/utilities/pgfkeys.sty"
("C:/Program Files/MiKTeX 2.9/tex/generic/pgf/utilities/pgfkeys.code.tex"))
("C:/Program Files/MiKTeX 2.9/tex/latex/pgf/math/pgfmath.sty"
("C:/Program Files/MiKTeX 2.9/tex/generic/pgf/math/pgfmath.code.tex"))
("C:/Program Files/MiKTeX 2.9/tex/generic/pgf/utilities/pgffor.code.tex"
Package: pgffor 2019/08/03 v3.1.4b (3.1.4b)

("C:/Program Files/MiKTeX 2.9/tex/generic/pgf/math/pgfmath.code.tex")
\pgffor@iter=\dimen170
\pgffor@skip=\dimen171
\pgffor@stack=\toks41
\pgffor@toks=\toks42
))
("C:/Program Files/MiKTeX 2.9/tex/generic/pgf/frontendlayer/tikz/tikz.code.tex"
Package: tikz 2019/08/03 v3.1.4b (3.1.4b)

("C:/Program Files/MiKTeX 2.9/tex/generic/pgf/libraries/pgflibraryplothandlers.
code.tex"
File: pgflibraryplothandlers.code.tex 2019/08/03 v3.1.4b (3.1.4b)
\pgf@plot@mark@count=\count120
\pgfplotmarksize=\dimen172
)
\tikz@lastx=\dimen173
\tikz@lasty=\dimen174
\tikz@lastxsaved=\dimen175
\tikz@lastysaved=\dimen176
\tikz@lastmovetox=\dimen177
\tikz@lastmovetoy=\dimen178
\tikzleveldistance=\dimen179
\tikzsiblingdistance=\dimen180
\tikz@figbox=\box38
\tikz@figbox@bg=\box39
\tikz@tempbox=\box40
\tikz@tempbox@bg=\box41
\tikztreelevel=\count121
\tikznumberofchildren=\count122
\tikznumberofcurrentchild=\count123
\tikz@fig@count=\count124

("C:/Program Files/MiKTeX 2.9/tex/generic/pgf/modules/pgfmodulematrix.code.tex"
File: pgfmodulematrix.code.tex 2019/08/03 v3.1.4b (3.1.4b)
\pgfmatrixcurrentrow=\count125
\pgfmatrixcurrentcolumn=\count126
\pgf@matrix@numberofcolumns=\count127
)
\tikz@expandcount=\count128

("C:/Program Files/MiKTeX 2.9/tex/generic/pgf/frontendlayer/tikz/libraries/tikz
librarytopaths.code.tex"
File: tikzlibrarytopaths.code.tex 2019/08/03 v3.1.4b (3.1.4b)
)))
("C:/Program Files/MiKTeX 2.9/tex/latex/jknappen/mathrsfs.sty"
Package: mathrsfs 1996/01/01 Math RSFS package v1.0 (jk)
\symrsfs=\mathgroup6
)
("C:/Program Files/MiKTeX 2.9/tex/generic/pgf/frontendlayer/tikz/libraries/tikz
libraryshapes.code.tex"
File: tikzlibraryshapes.code.tex 2019/08/03 v3.1.4b (3.1.4b)

("C:/Program Files/MiKTeX 2.9/tex/generic/pgf/frontendlayer/tikz/libraries/tikz
libraryshapes.geometric.code.tex"
File: tikzlibraryshapes.geometric.code.tex 2019/08/03 v3.1.4b (3.1.4b)

("C:/Program Files/MiKTeX 2.9/tex/generic/pgf/libraries/shapes/pgflibraryshapes
.geometric.code.tex"
File: pgflibraryshapes.geometric.code.tex 2019/08/03 v3.1.4b (3.1.4b)
))
("C:/Program Files/MiKTeX 2.9/tex/generic/pgf/frontendlayer/tikz/libraries/tikz
libraryshapes.misc.code.tex"
File: tikzlibraryshapes.misc.code.tex 2019/08/03 v3.1.4b (3.1.4b)

("C:/Program Files/MiKTeX 2.9/tex/generic/pgf/libraries/shapes/pgflibraryshapes
.misc.code.tex"
File: pgflibraryshapes.misc.code.tex 2019/08/03 v3.1.4b (3.1.4b)
))
("C:/Program Files/MiKTeX 2.9/tex/generic/pgf/frontendlayer/tikz/libraries/tikz
libraryshapes.symbols.code.tex"
File: tikzlibraryshapes.symbols.code.tex 2019/08/03 v3.1.4b (3.1.4b)

("C:/Program Files/MiKTeX 2.9/tex/generic/pgf/libraries/shapes/pgflibraryshapes
.symbols.code.tex"
File: pgflibraryshapes.symbols.code.tex 2019/08/03 v3.1.4b (3.1.4b)
))
("C:/Program Files/MiKTeX 2.9/tex/generic/pgf/frontendlayer/tikz/libraries/tikz
libraryshapes.arrows.code.tex"
File: tikzlibraryshapes.arrows.code.tex 2019/08/03 v3.1.4b (3.1.4b)

("C:/Program Files/MiKTeX 2.9/tex/generic/pgf/libraries/shapes/pgflibraryshapes
.arrows.code.tex"
File: pgflibraryshapes.arrows.code.tex 2019/08/03 v3.1.4b (3.1.4b)
))
("C:/Program Files/MiKTeX 2.9/tex/generic/pgf/frontendlayer/tikz/libraries/tikz
libraryshapes.callouts.code.tex"
("C:/Program Files/MiKTeX 2.9/tex/generic/pgf/libraries/shapes/pgflibraryshapes
.callouts.code.tex"))
("C:/Program Files/MiKTeX 2.9/tex/generic/pgf/frontendlayer/tikz/libraries/tikz
libraryshapes.multipart.code.tex"
File: tikzlibraryshapes.multipart.code.tex 2019/08/03 v3.1.4b (3.1.4b)

("C:/Program Files/MiKTeX 2.9/tex/generic/pgf/libraries/shapes/pgflibraryshapes
.multipart.code.tex"
File: pgflibraryshapes.multipart.code.tex 2019/08/03 v3.1.4b (3.1.4b)
\pgfnodepartlowerbox=\box42
\pgfnodeparttwobox=\box43
\pgfnodepartthreebox=\box44
\pgfnodepartfourbox=\box45
\pgfnodeparttwentybox=\box46
\pgfnodepartnineteenbox=\box47
\pgfnodeparteighteenbox=\box48
\pgfnodepartseventeenbox=\box49
\pgfnodepartsixteenbox=\box50
\pgfnodepartfifteenbox=\box51
\pgfnodepartfourteenbox=\box52
\pgfnodepartthirteenbox=\box53
\pgfnodeparttwelvebox=\box54
\pgfnodepartelevenbox=\box55
\pgfnodeparttenbox=\box56
\pgfnodepartninebox=\box57
\pgfnodeparteightbox=\box58
\pgfnodepartsevenbox=\box59
\pgfnodepartsixbox=\box60
\pgfnodepartfivebox=\box61
)))
("C:/Program Files/MiKTeX 2.9/tex/generic/pgf/frontendlayer/tikz/libraries/tikz
libraryarrows.code.tex"
File: tikzlibraryarrows.code.tex 2019/08/03 v3.1.4b (3.1.4b)

("C:/Program Files/MiKTeX 2.9/tex/generic/pgf/libraries/pgflibraryarrows.code.t
ex"
File: pgflibraryarrows.code.tex 2019/08/03 v3.1.4b (3.1.4b)
\arrowsize=\dimen181
))
("C:/Program Files/MiKTeX 2.9/tex/generic/pgf/frontendlayer/tikz/libraries/tikz
librarydecorations.pathmorphing.code.tex"
("C:/Program Files/MiKTeX 2.9/tex/generic/pgf/frontendlayer/tikz/libraries/tikz
librarydecorations.code.tex"
("C:/Program Files/MiKTeX 2.9/tex/generic/pgf/modules/pgfmoduledecorations.code
.tex"
\pgfdecoratedcompleteddistance=\dimen182
\pgfdecoratedremainingdistance=\dimen183
\pgfdecoratedinputsegmentcompleteddistance=\dimen184
\pgfdecoratedinputsegmentremainingdistance=\dimen185
\pgf@decorate@distancetomove=\dimen186
\pgf@decorate@repeatstate=\count129
\pgfdecorationsegmentamplitude=\dimen187
\pgfdecorationsegmentlength=\dimen188
)
\tikz@lib@dec@box=\box62
)
("C:/Program Files/MiKTeX 2.9/tex/generic/pgf/libraries/decorations/pgflibraryd
ecorations.pathmorphing.code.tex"))
("C:/Program Files/MiKTeX 2.9/tex/latex/tikzducks/tikzlibraryducks.code.tex"
("C:/Program Files/MiKTeX 2.9/tex/latex/tikzducks/tikzducks.sty"
Package: tikzducks 2019/04/07 v1.1 Draw rubber ducks in TikZ

("C:/Program Files/MiKTeX 2.9/tex/generic/pgf/frontendlayer/tikz/libraries/tikz
librarypatterns.code.tex"
File: tikzlibrarypatterns.code.tex 2019/08/03 v3.1.4b (3.1.4b)

("C:/Program Files/MiKTeX 2.9/tex/generic/pgf/libraries/pgflibrarypatterns.code
.tex"
File: pgflibrarypatterns.code.tex 2019/08/03 v3.1.4b (3.1.4b)
))
("C:/Program Files/MiKTeX 2.9/tex/generic/pgf/frontendlayer/tikz/libraries/tikz
librarycalc.code.tex"
File: tikzlibrarycalc.code.tex 2019/08/03 v3.1.4b (3.1.4b)
)))
("C:/Program Files/MiKTeX 2.9/tex/generic/pgf/frontendlayer/tikz/libraries/tikz
libraryautomata.code.tex"
File: tikzlibraryautomata.code.tex 2019/08/03 v3.1.4b (3.1.4b)
)
("C:/Program Files/MiKTeX 2.9/tex/latex/parskip/parskip.sty"
Package: parskip 2019-01-16 v2.0c non-zero parskip adjustments

("C:/Program Files/MiKTeX 2.9/tex/latex/etoolbox/etoolbox.sty"
Package: etoolbox 2019/09/09 v2.5g e-TeX tools for LaTeX (JAW)
\etb@tempcnta=\count130
))
("C:/Program Files/MiKTeX 2.9/tex/latex/caption/subcaption.sty"
Package: subcaption 2019/09/01 v1.3a Sub-captions (AR)

("C:/Program Files/MiKTeX 2.9/tex/latex/caption/caption.sty"
Package: caption 2019/09/01 v3.3d Customizing captions (AR)

("C:/Program Files/MiKTeX 2.9/tex/latex/caption/caption3.sty"
Package: caption3 2019/09/01 v1.8d caption3 kernel (AR)
Package caption3 Info: TeX engine: e-TeX on input line 64.
\captionmargin=\dimen189
\captionmargin@=\dimen190
\captionwidth=\dimen191
\caption@tempdima=\dimen192
\caption@indent=\dimen193
\caption@parindent=\dimen194
\caption@hangindent=\dimen195
)
\c@caption@flags=\count131
\c@ContinuedFloat=\count132
Package caption Info: float package is loaded.
)
\c@subfigure=\count133
\c@subtable=\count134
)
("C:/Program Files/MiKTeX 2.9/tex/latex/stmaryrd/stmaryrd.sty"
Package: stmaryrd 1994/03/03 St Mary's Road symbol package
\symstmry=\mathgroup7
LaTeX Font Info:    Overwriting symbol font `stmry' in version `bold'
(Font)                  U/stmry/m/n --> U/stmry/b/n on input line 89.
)
("C:/Program Files/MiKTeX 2.9/tex/latex/marvosym/marvosym.sty"
Package: marvosym 2011/07/20 v2.2 Martin Vogel's Symbols font definitions
)
("C:/Program Files/MiKTeX 2.9/tex/latex/doublestroke/dsfont.sty"
Package: dsfont 1995/08/01 v0.1 Double stroke roman fonts
)
("C:/Program Files/MiKTeX 2.9/tex/latex/oberdiek/centernot.sty"
Package: centernot 2016/05/16 v1.4 Centers the not symbol horizontally (HO)
)
("C:/Program Files/MiKTeX 2.9/tex/latex/pgfplots/pgfplots.sty"
("C:/Program Files/MiKTeX 2.9/tex/generic/pgfplots/pgfplots.revision.tex")
Package: pgfplots 2018/03/28 v1.16 Data Visualization (1.16)

("C:/Program Files/MiKTeX 2.9/tex/generic/pgfplots/pgfplots.code.tex"
("C:/Program Files/MiKTeX 2.9/tex/generic/pgfplots/pgfplotscore.code.tex"
Package pgfplots info on input line 124: Initializing with LUA version Lua 5.3
\pgfplots@luabackend@table=\catcodetable5
\t@pgfplots@toka=\toks43
\t@pgfplots@tokb=\toks44
\t@pgfplots@tokc=\toks45
\pgfplots@tmpa=\dimen196
\c@pgfplots@coordindex=\count135
\c@pgfplots@scanlineindex=\count136

("C:/Program Files/MiKTeX 2.9/tex/generic/pgfplots/sys/pgfplotssysgeneric.code.
tex"))
("C:/Program Files/MiKTeX 2.9/tex/generic/pgfplots/libs/pgfplotslibrary.code.te
x")
("C:/Program Files/MiKTeX 2.9/tex/generic/pgfplots/oldpgfcompatib/pgfplotsoldpg
fsupp_loader.code.tex"
("C:/Program Files/MiKTeX 2.9/tex/generic/pgf/libraries/pgflibraryfpu.code.tex"
)
("C:/Program Files/MiKTeX 2.9/tex/generic/pgf/libraries/luamath/pgflibraryluama
th.code.tex")
Package pgfplots info on input line 275: luamath library shipped with pgf 3.1.4b
 is up-to-date
)
("C:/Program Files/MiKTeX 2.9/tex/generic/pgfplots/util/pgfplotsutil.code.tex"
Package pgfplots info on input line 82: Found new luatex: initializing lua comma
nds instead of write18 (shell-escape)

("C:/Program Files/MiKTeX 2.9/tex/generic/pgfplots/liststructure/pgfplotslistst
ructure.code.tex")
("C:/Program Files/MiKTeX 2.9/tex/generic/pgfplots/liststructure/pgfplotslistst
ructureext.code.tex")
("C:/Program Files/MiKTeX 2.9/tex/generic/pgfplots/liststructure/pgfplotsarray.
code.tex"
\c@pgfplotsarray@tmp=\count137
)
("C:/Program Files/MiKTeX 2.9/tex/generic/pgfplots/liststructure/pgfplotsmatrix
.code.tex")
("C:/Program Files/MiKTeX 2.9/tex/generic/pgfplots/numtable/pgfplotstableshared
.code.tex"
\c@pgfplotstable@counta=\count138
\t@pgfplotstable@a=\toks46
)
("C:/Program Files/MiKTeX 2.9/tex/generic/pgfplots/liststructure/pgfplotsdeque.
code.tex")
("C:/Program Files/MiKTeX 2.9/tex/generic/pgfplots/util/pgfplotsbinary.code.tex
"
("C:/Program Files/MiKTeX 2.9/tex/generic/pgfplots/util/pgfplotsbinary.data.cod
e.tex"))
("C:/Program Files/MiKTeX 2.9/tex/generic/pgfplots/util/pgfplotsutil.verb.code.
tex")
("C:/Program Files/MiKTeX 2.9/tex/generic/pgfplots/libs/pgflibrarypgfplots.surf
shading.code.tex"
\c@pgfplotslibrarysurf@no=\count139

("C:/Program Files/MiKTeX 2.9/tex/generic/pgfplots/sys/pgflibrarypgfplots.surfs
hading.pgfsys-luatex.def")))
("C:/Program Files/MiKTeX 2.9/tex/generic/pgfplots/util/pgfplotscolormap.code.t
ex"
("C:/Program Files/MiKTeX 2.9/tex/generic/pgfplots/util/pgfplotscolor.code.tex"
))
("C:/Program Files/MiKTeX 2.9/tex/generic/pgfplots/pgfplotsstackedplots.code.te
x")
("C:/Program Files/MiKTeX 2.9/tex/generic/pgfplots/pgfplotsplothandlers.code.te
x"
("C:/Program Files/MiKTeX 2.9/tex/generic/pgfplots/pgfplotsmeshplothandler.code
.tex"
("C:/Program Files/MiKTeX 2.9/tex/generic/pgfplots/pgfplotsmeshplotimage.code.t
ex")))
("C:/Program Files/MiKTeX 2.9/tex/generic/pgfplots/pgfplots.scaling.code.tex")
("C:/Program Files/MiKTeX 2.9/tex/generic/pgfplots/pgfplotscoordprocessing.code
.tex")
("C:/Program Files/MiKTeX 2.9/tex/generic/pgfplots/pgfplots.errorbars.code.tex"
) ("C:/Program Files/MiKTeX 2.9/tex/generic/pgfplots/pgfplots.markers.code.tex"
) ("C:/Program Files/MiKTeX 2.9/tex/generic/pgfplots/pgfplotsticks.code.tex")
("C:/Program Files/MiKTeX 2.9/tex/generic/pgfplots/pgfplots.paths.code.tex")
("C:/Program Files/MiKTeX 2.9/tex/generic/pgf/frontendlayer/tikz/libraries/tikz
librarydecorations.pathreplacing.code.tex"
("C:/Program Files/MiKTeX 2.9/tex/generic/pgf/libraries/decorations/pgflibraryd
ecorations.pathreplacing.code.tex"))
\pgfplots@numplots=\count140
\pgfplots@xmin@reg=\dimen197
\pgfplots@xmax@reg=\dimen198
\pgfplots@ymin@reg=\dimen199
\pgfplots@ymax@reg=\dimen256
\pgfplots@zmin@reg=\dimen257
\pgfplots@zmax@reg=\dimen258
)
("C:/Program Files/MiKTeX 2.9/tex/generic/pgf/frontendlayer/tikz/libraries/tikz
libraryplotmarks.code.tex"
File: tikzlibraryplotmarks.code.tex 2019/08/03 v3.1.4b (3.1.4b)

("C:/Program Files/MiKTeX 2.9/tex/generic/pgf/libraries/pgflibraryplotmarks.cod
e.tex"
File: pgflibraryplotmarks.code.tex 2019/08/03 v3.1.4b (3.1.4b)
))) ("C:/Program Files/MiKTeX 2.9/tex/generic/mathdots/mathdots.sty"
Package: mathdots 2014/06/11 v0.9 Improve and add various macros for dots in mat
h.
\MDo@unit=\dimen259
\MDo@dotsbox=\box63
\MDoprekern=\muskip11
\MDopostkern=\muskip12
\MDodotkern=\muskip13
)
("C:/Program Files/MiKTeX 2.9/tex/latex/enumitem/enumitem.sty"
Package: enumitem 2019/06/20 v3.9 Customized lists
\labelindent=\skip53
\enit@outerparindent=\dimen260
\enit@toks=\toks47
\enit@inbox=\box64
\enit@count@id=\count141
\enitdp@description=\count142
)
\c@theorem=\count143
)
("./Coding and Cryptography.aux")
\openout1 = Coding and Cryptography.aux

LaTeX Font Info:    Checking defaults for OML/cmm/m/it on input line 5.
LaTeX Font Info:    ... okay on input line 5.
LaTeX Font Info:    Checking defaults for T1/cmr/m/n on input line 5.
LaTeX Font Info:    ... okay on input line 5.
LaTeX Font Info:    Checking defaults for OT1/cmr/m/n on input line 5.
LaTeX Font Info:    ... okay on input line 5.
LaTeX Font Info:    Checking defaults for OMS/cmsy/m/n on input line 5.
LaTeX Font Info:    ... okay on input line 5.
LaTeX Font Info:    Checking defaults for TU/lmr/m/n on input line 5.
LaTeX Font Info:    ... okay on input line 5.
LaTeX Font Info:    Checking defaults for OMX/cmex/m/n on input line 5.
LaTeX Font Info:    ... okay on input line 5.
LaTeX Font Info:    Checking defaults for U/cmr/m/n on input line 5.
LaTeX Font Info:    ... okay on input line 5.

("C:/Program Files/MiKTeX 2.9/tex/context/base/mkii/supp-pdf.mkii"
[Loading MPS to PDF converter (version 2006.09.02).]
\scratchcounter=\count144
\scratchdimen=\dimen261
\scratchbox=\box65
\nofMPsegments=\count145
\nofMParguments=\count146
\everyMPshowfont=\toks48
\MPscratchCnt=\count147
\MPscratchDim=\dimen262
\MPnumerator=\count148
\makeMPintoPDFobject=\count149
\everyMPtoPDFconversion=\toks49
) ("C:/Program Files/MiKTeX 2.9/tex/latex/oberdiek/epstopdf-base.sty"
Package: epstopdf-base 2016/05/15 v2.6 Base part for package epstopdf

("C:/Program Files/MiKTeX 2.9/tex/latex/oberdiek/grfext.sty"
Package: grfext 2016/05/16 v1.2 Manage graphics extensions (HO)

("C:/Program Files/MiKTeX 2.9/tex/generic/oberdiek/kvdefinekeys.sty"
Package: kvdefinekeys 2016/05/16 v1.4 Define keys (HO)
))
("C:/Program Files/MiKTeX 2.9/tex/generic/oberdiek/pdftexcmds.sty"
Package: pdftexcmds 2019/07/25 v0.30 Utility functions of pdfTeX for LuaTeX (HO)

Package pdftexcmds Info: \pdf@primitive is available.
Package pdftexcmds Info: \pdf@ifprimitive is available.
Package pdftexcmds Info: \pdfdraftmode found.
\pdftexcmds@toks=\toks50
)
Package epstopdf-base Info: Redefining graphics rule for `.eps' on input line 43
8.
Package grfext Info: Graphics extension search list:
(grfext)             [.pdf,.png,.jpg,.mps,.jpeg,.jbig2,.jb2,.PDF,.PNG,.JPG,.JPEG
,.JBIG2,.JB2,.eps]
(grfext)             \AppendGraphicsExtensions on input line 456.
)
("C:/Program Files/MiKTeX 2.9/tex/generic/pgf/frontendlayer/tikz/libraries/tikz
librarypositioning.code.tex"
File: tikzlibrarypositioning.code.tex 2019/08/03 v3.1.4b (3.1.4b)
)
*geometry* driver: auto-detecting
*geometry* detected driver: luatex
*geometry* verbose mode - [ preamble ] result:
* driver: luatex
* paper: a4paper
* layout: <same size as paper>
* layoutoffset:(h,v)=(0.0pt,0.0pt)
* modes: 
* h-part:(L,W,R)=(89.62709pt, 418.25368pt, 89.6271pt)
* v-part:(T,H,B)=(101.40665pt, 591.5302pt, 152.11pt)
* \paperwidth=597.50787pt
* \paperheight=845.04684pt
* \textwidth=418.25368pt
* \textheight=591.5302pt
* \oddsidemargin=17.3571pt
* \evensidemargin=17.3571pt
* \topmargin=-7.86334pt
* \headheight=12.0pt
* \headsep=25.0pt
* \topskip=10.0pt
* \footskip=30.0pt
* \marginparwidth=57.0pt
* \marginparsep=11.0pt
* \columnsep=10.0pt
* \skip\footins=9.0pt plus 4.0pt minus 2.0pt
* \hoffset=0.0pt
* \voffset=0.0pt
* \mag=1000
* \@twocolumnfalse
* \@twosidefalse
* \@mparswitchfalse
* \@reversemarginfalse
* (1in=72.27pt=25.4mm, 1cm=28.453pt)

ABD: EveryShipout initializing macros
Package caption Info: Begin \AtBeginDocument code.
Package caption Info: End \AtBeginDocument code.


Package pgfplots Warning: running in backwards compatibility mode (unsuitable ti
ck labels; missing features). Consider writing \pgfplotsset{compat=1.16} into yo
ur preamble.
 on input line 5.

LaTeX Font Info:    Try loading font information for U+msa on input line 6.
("C:/Program Files/MiKTeX 2.9/tex/latex/amsfonts/umsa.fd"
File: umsa.fd 2013/01/14 v3.01 AMS symbols A
)
LaTeX Font Info:    Try loading font information for U+msb on input line 6.

("C:/Program Files/MiKTeX 2.9/tex/latex/amsfonts/umsb.fd"
File: umsb.fd 2013/01/14 v3.01 AMS symbols B
)
LaTeX Font Info:    Try loading font information for U+rsfs on input line 6.

("C:/Program Files/MiKTeX 2.9/tex/latex/jknappen/ursfs.fd"
File: ursfs.fd 1998/03/24 rsfs font definition file (jk)
)
LaTeX Font Info:    Try loading font information for U+stmry on input line 6.

("C:/Program Files/MiKTeX 2.9/tex/latex/stmaryrd/ustmry.fd")

LaTeX Warning: No \author given.


Overfull \hbox (2.34038pt too wide) in paragraph at lines 30--31
[]\TU/lmr/m/n/10 (Noisy cod-ing) \TU/lmr/m/sc/10 Isbn\TU/lmr/m/n/10 . In the \T
U/lmr/m/sc/10 Isbn \TU/lmr/m/n/10 en-cod-ing, ev-ery book is given a 10 digit n
um-ber $\OML/cmm/m/it/10 a[]a[] [] a[]$\TU/lmr/m/n/10 ,
 []

[1

{C:/Users/Harry/AppData/Local/MiKTeX/2.9/pdftex/config/pdftex.map}] [2]
[3]
NOTE: coordinate (2Y5.0e0],3Y0.0e0]) has been dropped because it is unbounded (i
n y). (see also unbounded coords=jump). 
NOTE: coordinate (2Y4.94975e0],3Y0.0e0]) has been dropped because it is unbounde
d (in y). (see also unbounded coords=jump). 
NOTE: coordinate (2Y4.8995001e0],3Y0.0e0]) has been dropped because it is unboun
ded (in y). (see also unbounded coords=jump). 
NOTE: coordinate (2Y4.8492502e0],3Y0.0e0]) has been dropped because it is unboun
ded (in y). (see also unbounded coords=jump). 
NOTE: coordinate (2Y4.7990002e0],3Y0.0e0]) has been dropped because it is unboun
ded (in y). (see also unbounded coords=jump). 
NOTE: coordinate (2Y4.7487503e0],3Y0.0e0]) has been dropped because it is unboun
ded (in y). (see also unbounded coords=jump). 
NOTE: coordinate (2Y4.6985004e0],3Y0.0e0]) has been dropped because it is unboun
ded (in y). (see also unbounded coords=jump). 
NOTE: coordinate (2Y4.6482504e0],3Y0.0e0]) has been dropped because it is unboun
ded (in y). (see also unbounded coords=jump). 
NOTE: coordinate (2Y4.5980005e0],3Y0.0e0]) has been dropped because it is unboun
ded (in y). (see also unbounded coords=jump). 
NOTE: coordinate (2Y4.5477505e0],3Y0.0e0]) has been dropped because it is unboun
ded (in y). (see also unbounded coords=jump). 
NOTE: coordinate (2Y4.4975006e0],3Y0.0e0]) has been dropped because it is unboun
ded (in y). (see also unbounded coords=jump). 
NOTE: coordinate (2Y4.4472507e0],3Y0.0e0]) has been dropped because it is unboun
ded (in y). (see also unbounded coords=jump). 
NOTE: coordinate (2Y4.3970007e0],3Y0.0e0]) has been dropped because it is unboun
ded (in y). (see also unbounded coords=jump). 
NOTE: coordinate (2Y4.3467508e0],3Y0.0e0]) has been dropped because it is unboun
ded (in y). (see also unbounded coords=jump). 
NOTE: coordinate (2Y4.2965009e0],3Y0.0e0]) has been dropped because it is unboun
ded (in y). (see also unbounded coords=jump). 
NOTE: coordinate (2Y4.2462509e0],3Y0.0e0]) has been dropped because it is unboun
ded (in y). (see also unbounded coords=jump). 
NOTE: coordinate (2Y4.196001e0],3Y0.0e0]) has been dropped because it is unbound
ed (in y). (see also unbounded coords=jump). 
NOTE: coordinate (2Y4.145751e0],3Y0.0e0]) has been dropped because it is unbound
ed (in y). (see also unbounded coords=jump). 
NOTE: coordinate (2Y4.0955011e0],3Y0.0e0]) has been dropped because it is unboun
ded (in y). (see also unbounded coords=jump). 
NOTE: coordinate (2Y4.0452512e0],3Y0.0e0]) has been dropped because it is unboun
ded (in y). (see also unbounded coords=jump). 
NOTE: coordinate (2Y3.9950012e0],3Y0.0e0]) has been dropped because it is unboun
ded (in y). (see also unbounded coords=jump). 
NOTE: coordinate (2Y3.9447513e0],3Y0.0e0]) has been dropped because it is unboun
ded (in y). (see also unbounded coords=jump). 
NOTE: coordinate (2Y3.8945013e0],3Y0.0e0]) has been dropped because it is unboun
ded (in y). (see also unbounded coords=jump). 
NOTE: coordinate (2Y3.8442514e0],3Y0.0e0]) has been dropped because it is unboun
ded (in y). (see also unbounded coords=jump). 
NOTE: coordinate (2Y3.7940015e0],3Y0.0e0]) has been dropped because it is unboun
ded (in y). (see also unbounded coords=jump). 
NOTE: coordinate (2Y3.7437515e0],3Y0.0e0]) has been dropped because it is unboun
ded (in y). (see also unbounded coords=jump). 
NOTE: coordinate (2Y3.6935016e0],3Y0.0e0]) has been dropped because it is unboun
ded (in y). (see also unbounded coords=jump). 
NOTE: coordinate (2Y3.6432516e0],3Y0.0e0]) has been dropped because it is unboun
ded (in y). (see also unbounded coords=jump). 
NOTE: coordinate (2Y3.5930017e0],3Y0.0e0]) has been dropped because it is unboun
ded (in y). (see also unbounded coords=jump). 
NOTE: coordinate (2Y3.5427518e0],3Y0.0e0]) has been dropped because it is unboun
ded (in y). (see also unbounded coords=jump). 
NOTE: coordinate (2Y3.4925018e0],3Y0.0e0]) has been dropped because it is unboun
ded (in y). (see also unbounded coords=jump). 
NOTE: coordinate (2Y3.4422519e0],3Y0.0e0]) has been dropped because it is unboun
ded (in y). (see also unbounded coords=jump). 
NOTE: coordinate (2Y3.392002e0],3Y0.0e0]) has been dropped because it is unbound
ed (in y). (see also unbounded coords=jump). 
NOTE: coordinate (2Y3.341752e0],3Y0.0e0]) has been dropped because it is unbound
ed (in y). (see also unbounded coords=jump). 
NOTE: coordinate (2Y3.291502e0],3Y0.0e0]) has been dropped because it is unbound
ed (in y). (see also unbounded coords=jump). 
NOTE: coordinate (2Y3.2412521e0],3Y0.0e0]) has been dropped because it is unboun
ded (in y). (see also unbounded coords=jump). 
NOTE: coordinate (2Y3.1910022e0],3Y0.0e0]) has been dropped because it is unboun
ded (in y). (see also unbounded coords=jump). 
NOTE: coordinate (2Y3.1407523e0],3Y0.0e0]) has been dropped because it is unboun
ded (in y). (see also unbounded coords=jump). 
NOTE: coordinate (2Y3.0905023e0],3Y0.0e0]) has been dropped because it is unboun
ded (in y). (see also unbounded coords=jump). 
NOTE: coordinate (2Y3.0402524e0],3Y0.0e0]) has been dropped because it is unboun
ded (in y). (see also unbounded coords=jump). 
NOTE: coordinate (2Y2.9900024e0],3Y0.0e0]) has been dropped because it is unboun
ded (in y). (see also unbounded coords=jump). 
NOTE: coordinate (2Y2.9397525e0],3Y0.0e0]) has been dropped because it is unboun
ded (in y). (see also unbounded coords=jump). 
NOTE: coordinate (2Y2.8895026e0],3Y0.0e0]) has been dropped because it is unboun
ded (in y). (see also unbounded coords=jump). 
NOTE: coordinate (2Y2.8392526e0],3Y0.0e0]) has been dropped because it is unboun
ded (in y). (see also unbounded coords=jump). 
NOTE: coordinate (2Y2.7890027e0],3Y0.0e0]) has been dropped because it is unboun
ded (in y). (see also unbounded coords=jump). 
NOTE: coordinate (2Y2.7387527e0],3Y0.0e0]) has been dropped because it is unboun
ded (in y). (see also unbounded coords=jump). 
NOTE: coordinate (2Y2.6885028e0],3Y0.0e0]) has been dropped because it is unboun
ded (in y). (see also unbounded coords=jump). 
NOTE: coordinate (2Y2.6382529e0],3Y0.0e0]) has been dropped because it is unboun
ded (in y). (see also unbounded coords=jump). 
NOTE: coordinate (2Y2.588003e0],3Y0.0e0]) has been dropped because it is unbound
ed (in y). (see also unbounded coords=jump). 
NOTE: coordinate (2Y2.537753e0],3Y0.0e0]) has been dropped because it is unbound
ed (in y). (see also unbounded coords=jump). 
NOTE: coordinate (2Y2.487503e0],3Y0.0e0]) has been dropped because it is unbound
ed (in y). (see also unbounded coords=jump). 
NOTE: coordinate (2Y2.4372531e0],3Y0.0e0]) has been dropped because it is unboun
ded (in y). (see also unbounded coords=jump). 
NOTE: coordinate (2Y2.3870032e0],3Y0.0e0]) has been dropped because it is unboun
ded (in y). (see also unbounded coords=jump). 
NOTE: coordinate (2Y2.3367532e0],3Y0.0e0]) has been dropped because it is unboun
ded (in y). (see also unbounded coords=jump). 
NOTE: coordinate (2Y2.2865033e0],3Y0.0e0]) has been dropped because it is unboun
ded (in y). (see also unbounded coords=jump). 
NOTE: coordinate (2Y2.2362534e0],3Y0.0e0]) has been dropped because it is unboun
ded (in y). (see also unbounded coords=jump). 
NOTE: coordinate (2Y2.1860034e0],3Y0.0e0]) has been dropped because it is unboun
ded (in y). (see also unbounded coords=jump). 
NOTE: coordinate (2Y2.1357535e0],3Y0.0e0]) has been dropped because it is unboun
ded (in y). (see also unbounded coords=jump). 
NOTE: coordinate (2Y2.0855035e0],3Y0.0e0]) has been dropped because it is unboun
ded (in y). (see also unbounded coords=jump). 
NOTE: coordinate (2Y2.0352536e0],3Y0.0e0]) has been dropped because it is unboun
ded (in y). (see also unbounded coords=jump). 
NOTE: coordinate (2Y1.9850037e0],3Y0.0e0]) has been dropped because it is unboun
ded (in y). (see also unbounded coords=jump). 
NOTE: coordinate (2Y1.9347537e0],3Y0.0e0]) has been dropped because it is unboun
ded (in y). (see also unbounded coords=jump). 
NOTE: coordinate (2Y1.8845038e0],3Y0.0e0]) has been dropped because it is unboun
ded (in y). (see also unbounded coords=jump). 
NOTE: coordinate (2Y1.8342538e0],3Y0.0e0]) has been dropped because it is unboun
ded (in y). (see also unbounded coords=jump). 
NOTE: coordinate (2Y1.7840039e0],3Y0.0e0]) has been dropped because it is unboun
ded (in y). (see also unbounded coords=jump). 
NOTE: coordinate (2Y1.733754e0],3Y0.0e0]) has been dropped because it is unbound
ed (in y). (see also unbounded coords=jump). 
NOTE: coordinate (2Y1.683504e0],3Y0.0e0]) has been dropped because it is unbound
ed (in y). (see also unbounded coords=jump). 
NOTE: coordinate (2Y1.6332541e0],3Y0.0e0]) has been dropped because it is unboun
ded (in y). (see also unbounded coords=jump). 
NOTE: coordinate (2Y1.5830042e0],3Y0.0e0]) has been dropped because it is unboun
ded (in y). (see also unbounded coords=jump). 
NOTE: coordinate (2Y1.5327542e0],3Y0.0e0]) has been dropped because it is unboun
ded (in y). (see also unbounded coords=jump). 
NOTE: coordinate (2Y1.4825043e0],3Y0.0e0]) has been dropped because it is unboun
ded (in y). (see also unbounded coords=jump). 
NOTE: coordinate (2Y1.4322543e0],3Y0.0e0]) has been dropped because it is unboun
ded (in y). (see also unbounded coords=jump). 
NOTE: coordinate (2Y1.3820044e0],3Y0.0e0]) has been dropped because it is unboun
ded (in y). (see also unbounded coords=jump). 
NOTE: coordinate (2Y1.3317545e0],3Y0.0e0]) has been dropped because it is unboun
ded (in y). (see also unbounded coords=jump). 
NOTE: coordinate (2Y1.2815045e0],3Y0.0e0]) has been dropped because it is unboun
ded (in y). (see also unbounded coords=jump). 
NOTE: coordinate (2Y1.2312546e0],3Y0.0e0]) has been dropped because it is unboun
ded (in y). (see also unbounded coords=jump). 
NOTE: coordinate (2Y1.1810046e0],3Y0.0e0]) has been dropped because it is unboun
ded (in y). (see also unbounded coords=jump). 
NOTE: coordinate (2Y1.1307547e0],3Y0.0e0]) has been dropped because it is unboun
ded (in y). (see also unbounded coords=jump). 
NOTE: coordinate (2Y1.0805048e0],3Y0.0e0]) has been dropped because it is unboun
ded (in y). (see also unbounded coords=jump). 
NOTE: coordinate (2Y1.0302548e0],3Y0.0e0]) has been dropped because it is unboun
ded (in y). (see also unbounded coords=jump). 
NOTE: coordinate (2Y9.800049e-1],3Y0.0e0]) has been dropped because it is unboun
ded (in y). (see also unbounded coords=jump). 
NOTE: coordinate (2Y9.297549e-1],3Y0.0e0]) has been dropped because it is unboun
ded (in y). (see also unbounded coords=jump). 
NOTE: coordinate (2Y8.795049e-1],3Y0.0e0]) has been dropped because it is unboun
ded (in y). (see also unbounded coords=jump). 
NOTE: coordinate (2Y8.292549e-1],3Y0.0e0]) has been dropped because it is unboun
ded (in y). (see also unbounded coords=jump). 
NOTE: coordinate (2Y7.790049e-1],3Y0.0e0]) has been dropped because it is unboun
ded (in y). (see also unbounded coords=jump). 
NOTE: coordinate (2Y7.287549e-1],3Y0.0e0]) has been dropped because it is unboun
ded (in y). (see also unbounded coords=jump). 
NOTE: coordinate (2Y6.785049e-1],3Y0.0e0]) has been dropped because it is unboun
ded (in y). (see also unbounded coords=jump). 
NOTE: coordinate (2Y6.282549e-1],3Y0.0e0]) has been dropped because it is unboun
ded (in y). (see also unbounded coords=jump). 
NOTE: coordinate (2Y5.780049e-1],3Y0.0e0]) has been dropped because it is unboun
ded (in y). (see also unbounded coords=jump). 
NOTE: coordinate (2Y5.277549e-1],3Y0.0e0]) has been dropped because it is unboun
ded (in y). (see also unbounded coords=jump). 
NOTE: coordinate (2Y4.775049e-1],3Y0.0e0]) has been dropped because it is unboun
ded (in y). (see also unbounded coords=jump). 
NOTE: coordinate (2Y4.272549e-1],3Y0.0e0]) has been dropped because it is unboun
ded (in y). (see also unbounded coords=jump). 
NOTE: coordinate (2Y3.770049e-1],3Y0.0e0]) has been dropped because it is unboun
ded (in y). (see also unbounded coords=jump). 
NOTE: coordinate (2Y3.267549e-1],3Y0.0e0]) has been dropped because it is unboun
ded (in y). (see also unbounded coords=jump). 
NOTE: coordinate (2Y2.765049e-1],3Y0.0e0]) has been dropped because it is unboun
ded (in y). (see also unbounded coords=jump). 
NOTE: coordinate (2Y2.262549e-1],3Y0.0e0]) has been dropped because it is unboun
ded (in y). (see also unbounded coords=jump). 
NOTE: coordinate (2Y1.760049e-1],3Y0.0e0]) has been dropped because it is unboun
ded (in y). (see also unbounded coords=jump). 
NOTE: coordinate (2Y1.257549e-1],3Y0.0e0]) has been dropped because it is unboun
ded (in y). (see also unbounded coords=jump). 
NOTE: coordinate (2Y7.55049e-2],3Y0.0e0]) has been dropped because it is unbound
ed (in y). (see also unbounded coords=jump). 
NOTE: coordinate (2Y2.52549e-2],3Y0.0e0]) has been dropped because it is unbound
ed (in y). (see also unbounded coords=jump). 
NOTE: coordinate (1Y1.0299951e0],3Y0.0e0]) has been dropped because it is unboun
ded (in y). (see also unbounded coords=jump). 
NOTE: coordinate (1Y1.080245e0],3Y0.0e0]) has been dropped because it is unbound
ed (in y). (see also unbounded coords=jump). 
NOTE: coordinate (1Y1.130495e0],3Y0.0e0]) has been dropped because it is unbound
ed (in y). (see also unbounded coords=jump). 
NOTE: coordinate (1Y1.180745e0],3Y0.0e0]) has been dropped because it is unbound
ed (in y). (see also unbounded coords=jump). 
NOTE: coordinate (1Y1.2309949e0],3Y0.0e0]) has been dropped because it is unboun
ded (in y). (see also unbounded coords=jump). 
NOTE: coordinate (1Y1.2812448e0],3Y0.0e0]) has been dropped because it is unboun
ded (in y). (see also unbounded coords=jump). 
NOTE: coordinate (1Y1.3314948e0],3Y0.0e0]) has been dropped because it is unboun
ded (in y). (see also unbounded coords=jump). 
NOTE: coordinate (1Y1.3817447e0],3Y0.0e0]) has been dropped because it is unboun
ded (in y). (see also unbounded coords=jump). 
NOTE: coordinate (1Y1.4319946e0],3Y0.0e0]) has been dropped because it is unboun
ded (in y). (see also unbounded coords=jump). 
NOTE: coordinate (1Y1.4822446e0],3Y0.0e0]) has been dropped because it is unboun
ded (in y). (see also unbounded coords=jump). 
NOTE: coordinate (1Y1.5324945e0],3Y0.0e0]) has been dropped because it is unboun
ded (in y). (see also unbounded coords=jump). 
NOTE: coordinate (1Y1.5827444e0],3Y0.0e0]) has been dropped because it is unboun
ded (in y). (see also unbounded coords=jump). 
NOTE: coordinate (1Y1.6329944e0],3Y0.0e0]) has been dropped because it is unboun
ded (in y). (see also unbounded coords=jump). 
NOTE: coordinate (1Y1.6832443e0],3Y0.0e0]) has been dropped because it is unboun
ded (in y). (see also unbounded coords=jump). 
NOTE: coordinate (1Y1.7334943e0],3Y0.0e0]) has been dropped because it is unboun
ded (in y). (see also unbounded coords=jump). 
NOTE: coordinate (1Y1.7837442e0],3Y0.0e0]) has been dropped because it is unboun
ded (in y). (see also unbounded coords=jump). 
NOTE: coordinate (1Y1.8339941e0],3Y0.0e0]) has been dropped because it is unboun
ded (in y). (see also unbounded coords=jump). 
NOTE: coordinate (1Y1.8842441e0],3Y0.0e0]) has been dropped because it is unboun
ded (in y). (see also unbounded coords=jump). 
NOTE: coordinate (1Y1.934494e0],3Y0.0e0]) has been dropped because it is unbound
ed (in y). (see also unbounded coords=jump). 
NOTE: coordinate (1Y1.984744e0],3Y0.0e0]) has been dropped because it is unbound
ed (in y). (see also unbounded coords=jump). 
NOTE: coordinate (1Y2.0349939e0],3Y0.0e0]) has been dropped because it is unboun
ded (in y). (see also unbounded coords=jump). 
NOTE: coordinate (1Y2.0852438e0],3Y0.0e0]) has been dropped because it is unboun
ded (in y). (see also unbounded coords=jump). 
NOTE: coordinate (1Y2.1354938e0],3Y0.0e0]) has been dropped because it is unboun
ded (in y). (see also unbounded coords=jump). 
NOTE: coordinate (1Y2.1857437e0],3Y0.0e0]) has been dropped because it is unboun
ded (in y). (see also unbounded coords=jump). 
NOTE: coordinate (1Y2.2359937e0],3Y0.0e0]) has been dropped because it is unboun
ded (in y). (see also unbounded coords=jump). 
NOTE: coordinate (1Y2.2862436e0],3Y0.0e0]) has been dropped because it is unboun
ded (in y). (see also unbounded coords=jump). 
NOTE: coordinate (1Y2.3364935e0],3Y0.0e0]) has been dropped because it is unboun
ded (in y). (see also unbounded coords=jump). 
NOTE: coordinate (1Y2.3867435e0],3Y0.0e0]) has been dropped because it is unboun
ded (in y). (see also unbounded coords=jump). 
NOTE: coordinate (1Y2.4369934e0],3Y0.0e0]) has been dropped because it is unboun
ded (in y). (see also unbounded coords=jump). 
NOTE: coordinate (1Y2.4872433e0],3Y0.0e0]) has been dropped because it is unboun
ded (in y). (see also unbounded coords=jump). 
NOTE: coordinate (1Y2.5374933e0],3Y0.0e0]) has been dropped because it is unboun
ded (in y). (see also unbounded coords=jump). 
NOTE: coordinate (1Y2.5877432e0],3Y0.0e0]) has been dropped because it is unboun
ded (in y). (see also unbounded coords=jump). 
NOTE: coordinate (1Y2.6379932e0],3Y0.0e0]) has been dropped because it is unboun
ded (in y). (see also unbounded coords=jump). 
NOTE: coordinate (1Y2.6882431e0],3Y0.0e0]) has been dropped because it is unboun
ded (in y). (see also unbounded coords=jump). 
NOTE: coordinate (1Y2.738493e0],3Y0.0e0]) has been dropped because it is unbound
ed (in y). (see also unbounded coords=jump). 
NOTE: coordinate (1Y2.788743e0],3Y0.0e0]) has been dropped because it is unbound
ed (in y). (see also unbounded coords=jump). 
NOTE: coordinate (1Y2.8389929e0],3Y0.0e0]) has been dropped because it is unboun
ded (in y). (see also unbounded coords=jump). 
NOTE: coordinate (1Y2.8892429e0],3Y0.0e0]) has been dropped because it is unboun
ded (in y). (see also unbounded coords=jump). 
NOTE: coordinate (1Y2.9394928e0],3Y0.0e0]) has been dropped because it is unboun
ded (in y). (see also unbounded coords=jump). 
NOTE: coordinate (1Y2.9897427e0],3Y0.0e0]) has been dropped because it is unboun
ded (in y). (see also unbounded coords=jump). 
NOTE: coordinate (1Y3.0399927e0],3Y0.0e0]) has been dropped because it is unboun
ded (in y). (see also unbounded coords=jump). 
NOTE: coordinate (1Y3.0902426e0],3Y0.0e0]) has been dropped because it is unboun
ded (in y). (see also unbounded coords=jump). 
NOTE: coordinate (1Y3.1404926e0],3Y0.0e0]) has been dropped because it is unboun
ded (in y). (see also unbounded coords=jump). 
NOTE: coordinate (1Y3.1907425e0],3Y0.0e0]) has been dropped because it is unboun
ded (in y). (see also unbounded coords=jump). 
NOTE: coordinate (1Y3.2409924e0],3Y0.0e0]) has been dropped because it is unboun
ded (in y). (see also unbounded coords=jump). 
NOTE: coordinate (1Y3.2912424e0],3Y0.0e0]) has been dropped because it is unboun
ded (in y). (see also unbounded coords=jump). 
NOTE: coordinate (1Y3.3414923e0],3Y0.0e0]) has been dropped because it is unboun
ded (in y). (see also unbounded coords=jump). 
NOTE: coordinate (1Y3.3917422e0],3Y0.0e0]) has been dropped because it is unboun
ded (in y). (see also unbounded coords=jump). 
NOTE: coordinate (1Y3.4419922e0],3Y0.0e0]) has been dropped because it is unboun
ded (in y). (see also unbounded coords=jump). 
NOTE: coordinate (1Y3.4922421e0],3Y0.0e0]) has been dropped because it is unboun
ded (in y). (see also unbounded coords=jump). 
NOTE: coordinate (1Y3.542492e0],3Y0.0e0]) has been dropped because it is unbound
ed (in y). (see also unbounded coords=jump). 
NOTE: coordinate (1Y3.592742e0],3Y0.0e0]) has been dropped because it is unbound
ed (in y). (see also unbounded coords=jump). 
NOTE: coordinate (1Y3.642992e0],3Y0.0e0]) has been dropped because it is unbound
ed (in y). (see also unbounded coords=jump). 
NOTE: coordinate (1Y3.6932419e0],3Y0.0e0]) has been dropped because it is unboun
ded (in y). (see also unbounded coords=jump). 
NOTE: coordinate (1Y3.7434918e0],3Y0.0e0]) has been dropped because it is unboun
ded (in y). (see also unbounded coords=jump). 
NOTE: coordinate (1Y3.7937418e0],3Y0.0e0]) has been dropped because it is unboun
ded (in y). (see also unbounded coords=jump). 
NOTE: coordinate (1Y3.8439917e0],3Y0.0e0]) has been dropped because it is unboun
ded (in y). (see also unbounded coords=jump). 
NOTE: coordinate (1Y3.8942416e0],3Y0.0e0]) has been dropped because it is unboun
ded (in y). (see also unbounded coords=jump). 
NOTE: coordinate (1Y3.9444916e0],3Y0.0e0]) has been dropped because it is unboun
ded (in y). (see also unbounded coords=jump). 
NOTE: coordinate (1Y3.9947415e0],3Y0.0e0]) has been dropped because it is unboun
ded (in y). (see also unbounded coords=jump). 
NOTE: coordinate (1Y4.0449915e0],3Y0.0e0]) has been dropped because it is unboun
ded (in y). (see also unbounded coords=jump). 
NOTE: coordinate (1Y4.0952414e0],3Y0.0e0]) has been dropped because it is unboun
ded (in y). (see also unbounded coords=jump). 
NOTE: coordinate (1Y4.1454913e0],3Y0.0e0]) has been dropped because it is unboun
ded (in y). (see also unbounded coords=jump). 
NOTE: coordinate (1Y4.1957413e0],3Y0.0e0]) has been dropped because it is unboun
ded (in y). (see also unbounded coords=jump). 
NOTE: coordinate (1Y4.2459912e0],3Y0.0e0]) has been dropped because it is unboun
ded (in y). (see also unbounded coords=jump). 
NOTE: coordinate (1Y4.2962411e0],3Y0.0e0]) has been dropped because it is unboun
ded (in y). (see also unbounded coords=jump). 
NOTE: coordinate (1Y4.3464911e0],3Y0.0e0]) has been dropped because it is unboun
ded (in y). (see also unbounded coords=jump). 
NOTE: coordinate (1Y4.396741e0],3Y0.0e0]) has been dropped because it is unbound
ed (in y). (see also unbounded coords=jump). 
NOTE: coordinate (1Y4.446991e0],3Y0.0e0]) has been dropped because it is unbound
ed (in y). (see also unbounded coords=jump). 
NOTE: coordinate (1Y4.4972409e0],3Y0.0e0]) has been dropped because it is unboun
ded (in y). (see also unbounded coords=jump). 
NOTE: coordinate (1Y4.5474908e0],3Y0.0e0]) has been dropped because it is unboun
ded (in y). (see also unbounded coords=jump). 
NOTE: coordinate (1Y4.5977408e0],3Y0.0e0]) has been dropped because it is unboun
ded (in y). (see also unbounded coords=jump). 
NOTE: coordinate (1Y4.6479907e0],3Y0.0e0]) has been dropped because it is unboun
ded (in y). (see also unbounded coords=jump). 
NOTE: coordinate (1Y4.6982407e0],3Y0.0e0]) has been dropped because it is unboun
ded (in y). (see also unbounded coords=jump). 
NOTE: coordinate (1Y4.7484906e0],3Y0.0e0]) has been dropped because it is unboun
ded (in y). (see also unbounded coords=jump). 
NOTE: coordinate (1Y4.7987405e0],3Y0.0e0]) has been dropped because it is unboun
ded (in y). (see also unbounded coords=jump). 
NOTE: coordinate (1Y4.8489905e0],3Y0.0e0]) has been dropped because it is unboun
ded (in y). (see also unbounded coords=jump). 
NOTE: coordinate (1Y4.8992404e0],3Y0.0e0]) has been dropped because it is unboun
ded (in y). (see also unbounded coords=jump). 
NOTE: coordinate (1Y4.9494904e0],3Y0.0e0]) has been dropped because it is unboun
ded (in y). (see also unbounded coords=jump). 
NOTE: coordinate (1Y4.9997403e0],3Y0.0e0]) has been dropped because it is unboun
ded (in y). (see also unbounded coords=jump). 
[4] [5]
Underfull \hbox (badness 10000) in paragraph at lines 203--215

 []


Overfull \hbox (2.21999pt too wide) in paragraph at lines 230--258
[]$[]$ $[]$ 
 []

[6] [7]
Overfull \hbox (21.09576pt too wide) in paragraph at lines 335--336
[]\TU/lmr/m/n/10 By Hy-poth-e-sis, $\U/msb/m/n/10 P\OT1/cmr/m/n/10 (\OML/cmm/m/
it/10 c[]\OT1/cmr/m/n/10 )$ \TU/lmr/m/n/10 is in-de-pen-dent of $\OML/cmm/m/it/
10 c \OMS/cmsy/m/n/10 2 \OML/cmm/m/it/10 C$\TU/lmr/m/n/10 , and so for fixed $\
OML/cmm/m/it/10 x$\TU/lmr/m/n/10 , max-imis-ing $\U/msb/m/n/10 P\OT1/cmr/m/n/10
 (\OML/cmm/m/it/10 c[]\OMS/cmsy/m/n/10 j\OML/cmm/m/it/10 x[]\OT1/cmr/m/n/10 )$
 []

[8] [9] [10] [11] [12] [13]
Overfull \hbox (18.34013pt too wide) in paragraph at lines 553--554
\TU/lmr/m/n/10 This con-tent is nonex-am-inable, but is re-quired to prove the 
ex-am-inable re-sult that $\OML/cmm/m/it/10 H \OT1/cmr/m/n/10 = \OML/cmm/m/it/1
0 H\OT1/cmr/m/n/10 (\OML/cmm/m/it/10 X[]\OT1/cmr/m/n/10 )$\TU/lmr/m/n/10 . 
 []

[14] [15] [16] [17]
NOTE: coordinate (2Y5.0e0],3Y0.0e0]) has been dropped because it is unbounded (i
n y). (see also unbounded coords=jump). 
NOTE: coordinate (2Y4.94975e0],3Y0.0e0]) has been dropped because it is unbounde
d (in y). (see also unbounded coords=jump). 
NOTE: coordinate (2Y4.8995001e0],3Y0.0e0]) has been dropped because it is unboun
ded (in y). (see also unbounded coords=jump). 
NOTE: coordinate (2Y4.8492502e0],3Y0.0e0]) has been dropped because it is unboun
ded (in y). (see also unbounded coords=jump). 
NOTE: coordinate (2Y4.7990002e0],3Y0.0e0]) has been dropped because it is unboun
ded (in y). (see also unbounded coords=jump). 
NOTE: coordinate (2Y4.7487503e0],3Y0.0e0]) has been dropped because it is unboun
ded (in y). (see also unbounded coords=jump). 
NOTE: coordinate (2Y4.6985004e0],3Y0.0e0]) has been dropped because it is unboun
ded (in y). (see also unbounded coords=jump). 
NOTE: coordinate (2Y4.6482504e0],3Y0.0e0]) has been dropped because it is unboun
ded (in y). (see also unbounded coords=jump). 
NOTE: coordinate (2Y4.5980005e0],3Y0.0e0]) has been dropped because it is unboun
ded (in y). (see also unbounded coords=jump). 
NOTE: coordinate (2Y4.5477505e0],3Y0.0e0]) has been dropped because it is unboun
ded (in y). (see also unbounded coords=jump). 
NOTE: coordinate (2Y4.4975006e0],3Y0.0e0]) has been dropped because it is unboun
ded (in y). (see also unbounded coords=jump). 
NOTE: coordinate (2Y4.4472507e0],3Y0.0e0]) has been dropped because it is unboun
ded (in y). (see also unbounded coords=jump). 
NOTE: coordinate (2Y4.3970007e0],3Y0.0e0]) has been dropped because it is unboun
ded (in y). (see also unbounded coords=jump). 
NOTE: coordinate (2Y4.3467508e0],3Y0.0e0]) has been dropped because it is unboun
ded (in y). (see also unbounded coords=jump). 
NOTE: coordinate (2Y4.2965009e0],3Y0.0e0]) has been dropped because it is unboun
ded (in y). (see also unbounded coords=jump). 
NOTE: coordinate (2Y4.2462509e0],3Y0.0e0]) has been dropped because it is unboun
ded (in y). (see also unbounded coords=jump). 
NOTE: coordinate (2Y4.196001e0],3Y0.0e0]) has been dropped because it is unbound
ed (in y). (see also unbounded coords=jump). 
NOTE: coordinate (2Y4.145751e0],3Y0.0e0]) has been dropped because it is unbound
ed (in y). (see also unbounded coords=jump). 
NOTE: coordinate (2Y4.0955011e0],3Y0.0e0]) has been dropped because it is unboun
ded (in y). (see also unbounded coords=jump). 
NOTE: coordinate (2Y4.0452512e0],3Y0.0e0]) has been dropped because it is unboun
ded (in y). (see also unbounded coords=jump). 
NOTE: coordinate (2Y3.9950012e0],3Y0.0e0]) has been dropped because it is unboun
ded (in y). (see also unbounded coords=jump). 
NOTE: coordinate (2Y3.9447513e0],3Y0.0e0]) has been dropped because it is unboun
ded (in y). (see also unbounded coords=jump). 
NOTE: coordinate (2Y3.8945013e0],3Y0.0e0]) has been dropped because it is unboun
ded (in y). (see also unbounded coords=jump). 
NOTE: coordinate (2Y3.8442514e0],3Y0.0e0]) has been dropped because it is unboun
ded (in y). (see also unbounded coords=jump). 
NOTE: coordinate (2Y3.7940015e0],3Y0.0e0]) has been dropped because it is unboun
ded (in y). (see also unbounded coords=jump). 
NOTE: coordinate (2Y3.7437515e0],3Y0.0e0]) has been dropped because it is unboun
ded (in y). (see also unbounded coords=jump). 
NOTE: coordinate (2Y3.6935016e0],3Y0.0e0]) has been dropped because it is unboun
ded (in y). (see also unbounded coords=jump). 
NOTE: coordinate (2Y3.6432516e0],3Y0.0e0]) has been dropped because it is unboun
ded (in y). (see also unbounded coords=jump). 
NOTE: coordinate (2Y3.5930017e0],3Y0.0e0]) has been dropped because it is unboun
ded (in y). (see also unbounded coords=jump). 
NOTE: coordinate (2Y3.5427518e0],3Y0.0e0]) has been dropped because it is unboun
ded (in y). (see also unbounded coords=jump). 
NOTE: coordinate (2Y3.4925018e0],3Y0.0e0]) has been dropped because it is unboun
ded (in y). (see also unbounded coords=jump). 
NOTE: coordinate (2Y3.4422519e0],3Y0.0e0]) has been dropped because it is unboun
ded (in y). (see also unbounded coords=jump). 
NOTE: coordinate (2Y3.392002e0],3Y0.0e0]) has been dropped because it is unbound
ed (in y). (see also unbounded coords=jump). 
NOTE: coordinate (2Y3.341752e0],3Y0.0e0]) has been dropped because it is unbound
ed (in y). (see also unbounded coords=jump). 
NOTE: coordinate (2Y3.291502e0],3Y0.0e0]) has been dropped because it is unbound
ed (in y). (see also unbounded coords=jump). 
NOTE: coordinate (2Y3.2412521e0],3Y0.0e0]) has been dropped because it is unboun
ded (in y). (see also unbounded coords=jump). 
NOTE: coordinate (2Y3.1910022e0],3Y0.0e0]) has been dropped because it is unboun
ded (in y). (see also unbounded coords=jump). 
NOTE: coordinate (2Y3.1407523e0],3Y0.0e0]) has been dropped because it is unboun
ded (in y). (see also unbounded coords=jump). 
NOTE: coordinate (2Y3.0905023e0],3Y0.0e0]) has been dropped because it is unboun
ded (in y). (see also unbounded coords=jump). 
NOTE: coordinate (2Y3.0402524e0],3Y0.0e0]) has been dropped because it is unboun
ded (in y). (see also unbounded coords=jump). 
NOTE: coordinate (2Y2.9900024e0],3Y0.0e0]) has been dropped because it is unboun
ded (in y). (see also unbounded coords=jump). 
NOTE: coordinate (2Y2.9397525e0],3Y0.0e0]) has been dropped because it is unboun
ded (in y). (see also unbounded coords=jump). 
NOTE: coordinate (2Y2.8895026e0],3Y0.0e0]) has been dropped because it is unboun
ded (in y). (see also unbounded coords=jump). 
NOTE: coordinate (2Y2.8392526e0],3Y0.0e0]) has been dropped because it is unboun
ded (in y). (see also unbounded coords=jump). 
NOTE: coordinate (2Y2.7890027e0],3Y0.0e0]) has been dropped because it is unboun
ded (in y). (see also unbounded coords=jump). 
NOTE: coordinate (2Y2.7387527e0],3Y0.0e0]) has been dropped because it is unboun
ded (in y). (see also unbounded coords=jump). 
NOTE: coordinate (2Y2.6885028e0],3Y0.0e0]) has been dropped because it is unboun
ded (in y). (see also unbounded coords=jump). 
NOTE: coordinate (2Y2.6382529e0],3Y0.0e0]) has been dropped because it is unboun
ded (in y). (see also unbounded coords=jump). 
NOTE: coordinate (2Y2.588003e0],3Y0.0e0]) has been dropped because it is unbound
ed (in y). (see also unbounded coords=jump). 
NOTE: coordinate (2Y2.537753e0],3Y0.0e0]) has been dropped because it is unbound
ed (in y). (see also unbounded coords=jump). 
NOTE: coordinate (2Y2.487503e0],3Y0.0e0]) has been dropped because it is unbound
ed (in y). (see also unbounded coords=jump). 
NOTE: coordinate (2Y2.4372531e0],3Y0.0e0]) has been dropped because it is unboun
ded (in y). (see also unbounded coords=jump). 
NOTE: coordinate (2Y2.3870032e0],3Y0.0e0]) has been dropped because it is unboun
ded (in y). (see also unbounded coords=jump). 
NOTE: coordinate (2Y2.3367532e0],3Y0.0e0]) has been dropped because it is unboun
ded (in y). (see also unbounded coords=jump). 
NOTE: coordinate (2Y2.2865033e0],3Y0.0e0]) has been dropped because it is unboun
ded (in y). (see also unbounded coords=jump). 
NOTE: coordinate (2Y2.2362534e0],3Y0.0e0]) has been dropped because it is unboun
ded (in y). (see also unbounded coords=jump). 
NOTE: coordinate (2Y2.1860034e0],3Y0.0e0]) has been dropped because it is unboun
ded (in y). (see also unbounded coords=jump). 
NOTE: coordinate (2Y2.1357535e0],3Y0.0e0]) has been dropped because it is unboun
ded (in y). (see also unbounded coords=jump). 
NOTE: coordinate (2Y2.0855035e0],3Y0.0e0]) has been dropped because it is unboun
ded (in y). (see also unbounded coords=jump). 
NOTE: coordinate (2Y2.0352536e0],3Y0.0e0]) has been dropped because it is unboun
ded (in y). (see also unbounded coords=jump). 
NOTE: coordinate (2Y1.9850037e0],3Y0.0e0]) has been dropped because it is unboun
ded (in y). (see also unbounded coords=jump). 
NOTE: coordinate (2Y1.9347537e0],3Y0.0e0]) has been dropped because it is unboun
ded (in y). (see also unbounded coords=jump). 
NOTE: coordinate (2Y1.8845038e0],3Y0.0e0]) has been dropped because it is unboun
ded (in y). (see also unbounded coords=jump). 
NOTE: coordinate (2Y1.8342538e0],3Y0.0e0]) has been dropped because it is unboun
ded (in y). (see also unbounded coords=jump). 
NOTE: coordinate (2Y1.7840039e0],3Y0.0e0]) has been dropped because it is unboun
ded (in y). (see also unbounded coords=jump). 
NOTE: coordinate (2Y1.733754e0],3Y0.0e0]) has been dropped because it is unbound
ed (in y). (see also unbounded coords=jump). 
NOTE: coordinate (2Y1.683504e0],3Y0.0e0]) has been dropped because it is unbound
ed (in y). (see also unbounded coords=jump). 
NOTE: coordinate (2Y1.6332541e0],3Y0.0e0]) has been dropped because it is unboun
ded (in y). (see also unbounded coords=jump). 
NOTE: coordinate (2Y1.5830042e0],3Y0.0e0]) has been dropped because it is unboun
ded (in y). (see also unbounded coords=jump). 
NOTE: coordinate (2Y1.5327542e0],3Y0.0e0]) has been dropped because it is unboun
ded (in y). (see also unbounded coords=jump). 
NOTE: coordinate (2Y1.4825043e0],3Y0.0e0]) has been dropped because it is unboun
ded (in y). (see also unbounded coords=jump). 
NOTE: coordinate (2Y1.4322543e0],3Y0.0e0]) has been dropped because it is unboun
ded (in y). (see also unbounded coords=jump). 
NOTE: coordinate (2Y1.3820044e0],3Y0.0e0]) has been dropped because it is unboun
ded (in y). (see also unbounded coords=jump). 
NOTE: coordinate (2Y1.3317545e0],3Y0.0e0]) has been dropped because it is unboun
ded (in y). (see also unbounded coords=jump). 
NOTE: coordinate (2Y1.2815045e0],3Y0.0e0]) has been dropped because it is unboun
ded (in y). (see also unbounded coords=jump). 
NOTE: coordinate (2Y1.2312546e0],3Y0.0e0]) has been dropped because it is unboun
ded (in y). (see also unbounded coords=jump). 
NOTE: coordinate (2Y1.1810046e0],3Y0.0e0]) has been dropped because it is unboun
ded (in y). (see also unbounded coords=jump). 
NOTE: coordinate (2Y1.1307547e0],3Y0.0e0]) has been dropped because it is unboun
ded (in y). (see also unbounded coords=jump). 
NOTE: coordinate (2Y1.0805048e0],3Y0.0e0]) has been dropped because it is unboun
ded (in y). (see also unbounded coords=jump). 
NOTE: coordinate (2Y1.0302548e0],3Y0.0e0]) has been dropped because it is unboun
ded (in y). (see also unbounded coords=jump). 
NOTE: coordinate (2Y9.800049e-1],3Y0.0e0]) has been dropped because it is unboun
ded (in y). (see also unbounded coords=jump). 
NOTE: coordinate (2Y9.297549e-1],3Y0.0e0]) has been dropped because it is unboun
ded (in y). (see also unbounded coords=jump). 
NOTE: coordinate (2Y8.795049e-1],3Y0.0e0]) has been dropped because it is unboun
ded (in y). (see also unbounded coords=jump). 
NOTE: coordinate (2Y8.292549e-1],3Y0.0e0]) has been dropped because it is unboun
ded (in y). (see also unbounded coords=jump). 
NOTE: coordinate (2Y7.790049e-1],3Y0.0e0]) has been dropped because it is unboun
ded (in y). (see also unbounded coords=jump). 
NOTE: coordinate (2Y7.287549e-1],3Y0.0e0]) has been dropped because it is unboun
ded (in y). (see also unbounded coords=jump). 
NOTE: coordinate (2Y6.785049e-1],3Y0.0e0]) has been dropped because it is unboun
ded (in y). (see also unbounded coords=jump). 
NOTE: coordinate (2Y6.282549e-1],3Y0.0e0]) has been dropped because it is unboun
ded (in y). (see also unbounded coords=jump). 
NOTE: coordinate (2Y5.780049e-1],3Y0.0e0]) has been dropped because it is unboun
ded (in y). (see also unbounded coords=jump). 
NOTE: coordinate (2Y5.277549e-1],3Y0.0e0]) has been dropped because it is unboun
ded (in y). (see also unbounded coords=jump). 
NOTE: coordinate (2Y4.775049e-1],3Y0.0e0]) has been dropped because it is unboun
ded (in y). (see also unbounded coords=jump). 
NOTE: coordinate (2Y4.272549e-1],3Y0.0e0]) has been dropped because it is unboun
ded (in y). (see also unbounded coords=jump). 
NOTE: coordinate (2Y3.770049e-1],3Y0.0e0]) has been dropped because it is unboun
ded (in y). (see also unbounded coords=jump). 
NOTE: coordinate (2Y3.267549e-1],3Y0.0e0]) has been dropped because it is unboun
ded (in y). (see also unbounded coords=jump). 
NOTE: coordinate (2Y2.765049e-1],3Y0.0e0]) has been dropped because it is unboun
ded (in y). (see also unbounded coords=jump). 
NOTE: coordinate (2Y2.262549e-1],3Y0.0e0]) has been dropped because it is unboun
ded (in y). (see also unbounded coords=jump). 
NOTE: coordinate (2Y1.760049e-1],3Y0.0e0]) has been dropped because it is unboun
ded (in y). (see also unbounded coords=jump). 
NOTE: coordinate (2Y1.257549e-1],3Y0.0e0]) has been dropped because it is unboun
ded (in y). (see also unbounded coords=jump). 
NOTE: coordinate (2Y7.55049e-2],3Y0.0e0]) has been dropped because it is unbound
ed (in y). (see also unbounded coords=jump). 
NOTE: coordinate (2Y2.52549e-2],3Y0.0e0]) has been dropped because it is unbound
ed (in y). (see also unbounded coords=jump). 
NOTE: coordinate (1Y1.0299951e0],3Y0.0e0]) has been dropped because it is unboun
ded (in y). (see also unbounded coords=jump). 
NOTE: coordinate (1Y1.080245e0],3Y0.0e0]) has been dropped because it is unbound
ed (in y). (see also unbounded coords=jump). 
NOTE: coordinate (1Y1.130495e0],3Y0.0e0]) has been dropped because it is unbound
ed (in y). (see also unbounded coords=jump). 
NOTE: coordinate (1Y1.180745e0],3Y0.0e0]) has been dropped because it is unbound
ed (in y). (see also unbounded coords=jump). 
NOTE: coordinate (1Y1.2309949e0],3Y0.0e0]) has been dropped because it is unboun
ded (in y). (see also unbounded coords=jump). 
NOTE: coordinate (1Y1.2812448e0],3Y0.0e0]) has been dropped because it is unboun
ded (in y). (see also unbounded coords=jump). 
NOTE: coordinate (1Y1.3314948e0],3Y0.0e0]) has been dropped because it is unboun
ded (in y). (see also unbounded coords=jump). 
NOTE: coordinate (1Y1.3817447e0],3Y0.0e0]) has been dropped because it is unboun
ded (in y). (see also unbounded coords=jump). 
NOTE: coordinate (1Y1.4319946e0],3Y0.0e0]) has been dropped because it is unboun
ded (in y). (see also unbounded coords=jump). 
NOTE: coordinate (1Y1.4822446e0],3Y0.0e0]) has been dropped because it is unboun
ded (in y). (see also unbounded coords=jump). 
NOTE: coordinate (1Y1.5324945e0],3Y0.0e0]) has been dropped because it is unboun
ded (in y). (see also unbounded coords=jump). 
NOTE: coordinate (1Y1.5827444e0],3Y0.0e0]) has been dropped because it is unboun
ded (in y). (see also unbounded coords=jump). 
NOTE: coordinate (1Y1.6329944e0],3Y0.0e0]) has been dropped because it is unboun
ded (in y). (see also unbounded coords=jump). 
NOTE: coordinate (1Y1.6832443e0],3Y0.0e0]) has been dropped because it is unboun
ded (in y). (see also unbounded coords=jump). 
NOTE: coordinate (1Y1.7334943e0],3Y0.0e0]) has been dropped because it is unboun
ded (in y). (see also unbounded coords=jump). 
NOTE: coordinate (1Y1.7837442e0],3Y0.0e0]) has been dropped because it is unboun
ded (in y). (see also unbounded coords=jump). 
NOTE: coordinate (1Y1.8339941e0],3Y0.0e0]) has been dropped because it is unboun
ded (in y). (see also unbounded coords=jump). 
NOTE: coordinate (1Y1.8842441e0],3Y0.0e0]) has been dropped because it is unboun
ded (in y). (see also unbounded coords=jump). 
NOTE: coordinate (1Y1.934494e0],3Y0.0e0]) has been dropped because it is unbound
ed (in y). (see also unbounded coords=jump). 
NOTE: coordinate (1Y1.984744e0],3Y0.0e0]) has been dropped because it is unbound
ed (in y). (see also unbounded coords=jump). 
NOTE: coordinate (1Y2.0349939e0],3Y0.0e0]) has been dropped because it is unboun
ded (in y). (see also unbounded coords=jump). 
NOTE: coordinate (1Y2.0852438e0],3Y0.0e0]) has been dropped because it is unboun
ded (in y). (see also unbounded coords=jump). 
NOTE: coordinate (1Y2.1354938e0],3Y0.0e0]) has been dropped because it is unboun
ded (in y). (see also unbounded coords=jump). 
NOTE: coordinate (1Y2.1857437e0],3Y0.0e0]) has been dropped because it is unboun
ded (in y). (see also unbounded coords=jump). 
NOTE: coordinate (1Y2.2359937e0],3Y0.0e0]) has been dropped because it is unboun
ded (in y). (see also unbounded coords=jump). 
NOTE: coordinate (1Y2.2862436e0],3Y0.0e0]) has been dropped because it is unboun
ded (in y). (see also unbounded coords=jump). 
NOTE: coordinate (1Y2.3364935e0],3Y0.0e0]) has been dropped because it is unboun
ded (in y). (see also unbounded coords=jump). 
NOTE: coordinate (1Y2.3867435e0],3Y0.0e0]) has been dropped because it is unboun
ded (in y). (see also unbounded coords=jump). 
NOTE: coordinate (1Y2.4369934e0],3Y0.0e0]) has been dropped because it is unboun
ded (in y). (see also unbounded coords=jump). 
NOTE: coordinate (1Y2.4872433e0],3Y0.0e0]) has been dropped because it is unboun
ded (in y). (see also unbounded coords=jump). 
NOTE: coordinate (1Y2.5374933e0],3Y0.0e0]) has been dropped because it is unboun
ded (in y). (see also unbounded coords=jump). 
NOTE: coordinate (1Y2.5877432e0],3Y0.0e0]) has been dropped because it is unboun
ded (in y). (see also unbounded coords=jump). 
NOTE: coordinate (1Y2.6379932e0],3Y0.0e0]) has been dropped because it is unboun
ded (in y). (see also unbounded coords=jump). 
NOTE: coordinate (1Y2.6882431e0],3Y0.0e0]) has been dropped because it is unboun
ded (in y). (see also unbounded coords=jump). 
NOTE: coordinate (1Y2.738493e0],3Y0.0e0]) has been dropped because it is unbound
ed (in y). (see also unbounded coords=jump). 
NOTE: coordinate (1Y2.788743e0],3Y0.0e0]) has been dropped because it is unbound
ed (in y). (see also unbounded coords=jump). 
NOTE: coordinate (1Y2.8389929e0],3Y0.0e0]) has been dropped because it is unboun
ded (in y). (see also unbounded coords=jump). 
NOTE: coordinate (1Y2.8892429e0],3Y0.0e0]) has been dropped because it is unboun
ded (in y). (see also unbounded coords=jump). 
NOTE: coordinate (1Y2.9394928e0],3Y0.0e0]) has been dropped because it is unboun
ded (in y). (see also unbounded coords=jump). 
NOTE: coordinate (1Y2.9897427e0],3Y0.0e0]) has been dropped because it is unboun
ded (in y). (see also unbounded coords=jump). 
NOTE: coordinate (1Y3.0399927e0],3Y0.0e0]) has been dropped because it is unboun
ded (in y). (see also unbounded coords=jump). 
NOTE: coordinate (1Y3.0902426e0],3Y0.0e0]) has been dropped because it is unboun
ded (in y). (see also unbounded coords=jump). 
NOTE: coordinate (1Y3.1404926e0],3Y0.0e0]) has been dropped because it is unboun
ded (in y). (see also unbounded coords=jump). 
NOTE: coordinate (1Y3.1907425e0],3Y0.0e0]) has been dropped because it is unboun
ded (in y). (see also unbounded coords=jump). 
NOTE: coordinate (1Y3.2409924e0],3Y0.0e0]) has been dropped because it is unboun
ded (in y). (see also unbounded coords=jump). 
NOTE: coordinate (1Y3.2912424e0],3Y0.0e0]) has been dropped because it is unboun
ded (in y). (see also unbounded coords=jump). 
NOTE: coordinate (1Y3.3414923e0],3Y0.0e0]) has been dropped because it is unboun
ded (in y). (see also unbounded coords=jump). 
NOTE: coordinate (1Y3.3917422e0],3Y0.0e0]) has been dropped because it is unboun
ded (in y). (see also unbounded coords=jump). 
NOTE: coordinate (1Y3.4419922e0],3Y0.0e0]) has been dropped because it is unboun
ded (in y). (see also unbounded coords=jump). 
NOTE: coordinate (1Y3.4922421e0],3Y0.0e0]) has been dropped because it is unboun
ded (in y). (see also unbounded coords=jump). 
NOTE: coordinate (1Y3.542492e0],3Y0.0e0]) has been dropped because it is unbound
ed (in y). (see also unbounded coords=jump). 
NOTE: coordinate (1Y3.592742e0],3Y0.0e0]) has been dropped because it is unbound
ed (in y). (see also unbounded coords=jump). 
NOTE: coordinate (1Y3.642992e0],3Y0.0e0]) has been dropped because it is unbound
ed (in y). (see also unbounded coords=jump). 
NOTE: coordinate (1Y3.6932419e0],3Y0.0e0]) has been dropped because it is unboun
ded (in y). (see also unbounded coords=jump). 
NOTE: coordinate (1Y3.7434918e0],3Y0.0e0]) has been dropped because it is unboun
ded (in y). (see also unbounded coords=jump). 
NOTE: coordinate (1Y3.7937418e0],3Y0.0e0]) has been dropped because it is unboun
ded (in y). (see also unbounded coords=jump). 
NOTE: coordinate (1Y3.8439917e0],3Y0.0e0]) has been dropped because it is unboun
ded (in y). (see also unbounded coords=jump). 
NOTE: coordinate (1Y3.8942416e0],3Y0.0e0]) has been dropped because it is unboun
ded (in y). (see also unbounded coords=jump). 
NOTE: coordinate (1Y3.9444916e0],3Y0.0e0]) has been dropped because it is unboun
ded (in y). (see also unbounded coords=jump). 
NOTE: coordinate (1Y3.9947415e0],3Y0.0e0]) has been dropped because it is unboun
ded (in y). (see also unbounded coords=jump). 
NOTE: coordinate (1Y4.0449915e0],3Y0.0e0]) has been dropped because it is unboun
ded (in y). (see also unbounded coords=jump). 
NOTE: coordinate (1Y4.0952414e0],3Y0.0e0]) has been dropped because it is unboun
ded (in y). (see also unbounded coords=jump). 
NOTE: coordinate (1Y4.1454913e0],3Y0.0e0]) has been dropped because it is unboun
ded (in y). (see also unbounded coords=jump). 
NOTE: coordinate (1Y4.1957413e0],3Y0.0e0]) has been dropped because it is unboun
ded (in y). (see also unbounded coords=jump). 
NOTE: coordinate (1Y4.2459912e0],3Y0.0e0]) has been dropped because it is unboun
ded (in y). (see also unbounded coords=jump). 
NOTE: coordinate (1Y4.2962411e0],3Y0.0e0]) has been dropped because it is unboun
ded (in y). (see also unbounded coords=jump). 
NOTE: coordinate (1Y4.3464911e0],3Y0.0e0]) has been dropped because it is unboun
ded (in y). (see also unbounded coords=jump). 
NOTE: coordinate (1Y4.396741e0],3Y0.0e0]) has been dropped because it is unbound
ed (in y). (see also unbounded coords=jump). 
NOTE: coordinate (1Y4.446991e0],3Y0.0e0]) has been dropped because it is unbound
ed (in y). (see also unbounded coords=jump). 
NOTE: coordinate (1Y4.4972409e0],3Y0.0e0]) has been dropped because it is unboun
ded (in y). (see also unbounded coords=jump). 
NOTE: coordinate (1Y4.5474908e0],3Y0.0e0]) has been dropped because it is unboun
ded (in y). (see also unbounded coords=jump). 
NOTE: coordinate (1Y4.5977408e0],3Y0.0e0]) has been dropped because it is unboun
ded (in y). (see also unbounded coords=jump). 
NOTE: coordinate (1Y4.6479907e0],3Y0.0e0]) has been dropped because it is unboun
ded (in y). (see also unbounded coords=jump). 
NOTE: coordinate (1Y4.6982407e0],3Y0.0e0]) has been dropped because it is unboun
ded (in y). (see also unbounded coords=jump). 
NOTE: coordinate (1Y4.7484906e0],3Y0.0e0]) has been dropped because it is unboun
ded (in y). (see also unbounded coords=jump). 
NOTE: coordinate (1Y4.7987405e0],3Y0.0e0]) has been dropped because it is unboun
ded (in y). (see also unbounded coords=jump). 
NOTE: coordinate (1Y4.8489905e0],3Y0.0e0]) has been dropped because it is unboun
ded (in y). (see also unbounded coords=jump). 
NOTE: coordinate (1Y4.8992404e0],3Y0.0e0]) has been dropped because it is unboun
ded (in y). (see also unbounded coords=jump). 
NOTE: coordinate (1Y4.9494904e0],3Y0.0e0]) has been dropped because it is unboun
ded (in y). (see also unbounded coords=jump). 
NOTE: coordinate (1Y4.9997403e0],3Y0.0e0]) has been dropped because it is unboun
ded (in y). (see also unbounded coords=jump). 
[18] [19] [20] [21] [22] ("./Coding and Cryptography.aux"))

Here is how much of LuaTeX's memory you used:
 31435 strings out of 494305
 100000,1144653 words of node,token memory allocated
 521 words of node memory still in use:
   6 hlist, 2 vlist, 2 rule, 3 glue, 4 kern, 1 glyph, 9 attribute, 55 glue_spec,
 9 attribute_list, 2 write nodes
   avail lists: 1:4,2:2373,3:737,4:32,5:367,6:19,7:3480,8:74,9:600,10:11,11:183
 34587 multiletter control sequences out of 65536+200000
 80 fonts using 5842919 bytes
 64i,21n,100p,1095b,1996s stack positions out of 5000i,500n,10000p,200000b,50000s
<<C:\Users\Harry\AppData\Local\MiKTeX\2.9\fonts/pk/ljfour/public/stmaryrd/dpi600
\stmary10.pk>><c:/program files/miktex 2.9/fonts/opentype/public/lm/lmroman7-ita
lic.otf><c:/program files/miktex 2.9/fonts/opentype/public/lm/lmroman8-regular.o
tf><c:/program files/miktex 2.9/fonts/opentype/public/lm/lmroman6-regular.otf><c
:/program files/miktex 2.9/fonts/opentype/public/lm/lmroman7-regular.otf><c:/pro
gram files/miktex 2.9/fonts/opentype/public/lm/lmroman10-bold.otf><c:/program fi
les/miktex 2.9/fonts/opentype/public/lm/lmroman10-bolditalic.otf><c:/program fil
es/miktex 2.9/fonts/opentype/public/lm/lmroman10-italic.otf><c:/program files/mi
ktex 2.9/fonts/opentype/public/lm/lmromancaps10-regular.otf><c:/program files/mi
ktex 2.9/fonts/opentype/public/lm/lmroman10-regular.otf><c:/program files/miktex
 2.9/fonts/opentype/public/lm/lmroman12-bold.otf><c:/program files/miktex 2.9/fo
nts/opentype/public/lm/lmroman12-regular.otf><c:/program files/miktex 2.9/fonts/
opentype/public/lm/lmroman17-regular.otf><C:/Program Files/MiKTeX 2.9/fonts/type
1/public/amsfonts/cm/cmex10.pfb><C:/Program Files/MiKTeX 2.9/fonts/type1/public/
amsfonts/cm/cmmi10.pfb><C:/Program Files/MiKTeX 2.9/fonts/type1/public/amsfonts/
cm/cmmi5.pfb><C:/Program Files/MiKTeX 2.9/fonts/type1/public/amsfonts/cm/cmmi7.p
fb><C:/Program Files/MiKTeX 2.9/fonts/type1/public/amsfonts/cm/cmmi8.pfb><C:/Pro
gram Files/MiKTeX 2.9/fonts/type1/public/amsfonts/cm/cmr10.pfb><C:/Program Files
/MiKTeX 2.9/fonts/type1/public/amsfonts/cm/cmr5.pfb><C:/Program Files/MiKTeX 2.9
/fonts/type1/public/amsfonts/cm/cmr7.pfb><C:/Program Files/MiKTeX 2.9/fonts/type
1/public/amsfonts/cm/cmr8.pfb><C:/Program Files/MiKTeX 2.9/fonts/type1/public/am
sfonts/cm/cmsy10.pfb><C:/Program Files/MiKTeX 2.9/fonts/type1/public/amsfonts/cm
/cmsy5.pfb><C:/Program Files/MiKTeX 2.9/fonts/type1/public/amsfonts/cm/cmsy7.pfb
><C:/Program Files/MiKTeX 2.9/fonts/type1/public/amsfonts/cm/cmsy8.pfb><C:/Progr
am Files/MiKTeX 2.9/fonts/type1/public/amsfonts/symbols/msam10.pfb><C:/Program F
iles/MiKTeX 2.9/fonts/type1/public/amsfonts/symbols/msbm10.pfb><C:/Program Files
/MiKTeX 2.9/fonts/type1/public/amsfonts/symbols/msbm7.pfb><C:/Program Files/MiKT
eX 2.9/fonts/type1/public/rsfs/rsfs10.pfb><C:/Program Files/MiKTeX 2.9/fonts/typ
e1/public/rsfs/rsfs7.pfb>
Output written on Coding and Cryptography.pdf (22 pages, 369371 bytes).

PDF statistics: 236 PDF objects out of 1000 (max. 8388607)
 0 named destinations out of 1000 (max. 131072)
 16 words of extra memory for PDF output out of 10000 (max. 100000000)

