\BOOKMARK [1][-]{section.1}{Propositional Logic}{}% 1
\BOOKMARK [2][-]{subsection.1.1}{Semantic Entailment}{section.1}% 2
\BOOKMARK [2][-]{subsection.1.2}{Syntactic Entailment \(Provability\)}{section.1}% 3
\BOOKMARK [2][-]{subsection.1.3}{The Completeness Theorem and Applications}{section.1}% 4
\BOOKMARK [2][-]{subsection.1.4}{What happens when P is uncountable?}{section.1}% 5
\BOOKMARK [1][-]{section.2}{Ordinals}{}% 6
\BOOKMARK [2][-]{subsection.2.1}{Functions and Relations}{section.2}% 7
\BOOKMARK [2][-]{subsection.2.2}{Well-Ordering}{section.2}% 8
\BOOKMARK [2][-]{subsection.2.3}{Ordinal Arithmetic}{section.2}% 9
\BOOKMARK [2][-]{subsection.2.4}{Ordinal Arithmetic II - Attack of the Ordinals}{section.2}% 10
\BOOKMARK [2][-]{subsection.2.5}{Uncountable Ordinals}{section.2}% 11
\BOOKMARK [1][-]{section.3}{Posets and Zorn's Lemma}{}% 12
\BOOKMARK [2][-]{subsection.3.1}{Zorn's Lemma}{section.3}% 13
\BOOKMARK [2][-]{subsection.3.2}{Applications of Zorn's Lemma}{section.3}% 14
\BOOKMARK [2][-]{subsection.3.3}{The Axiom of Choice}{section.3}% 15
\BOOKMARK [1][-]{section.4}{Cardinals}{}% 16
\BOOKMARK [2][-]{subsection.4.1}{Cardinal Arithmetic}{section.4}% 17
\BOOKMARK [2][-]{subsection.4.2}{A Slight Remark on the Axiom of Choice}{section.4}% 18
\BOOKMARK [1][-]{section.5}{First Order Predicate Logic}{}% 19
\BOOKMARK [2][-]{subsection.5.1}{Semantic Entailments}{section.5}% 20
\BOOKMARK [2][-]{subsection.5.2}{Syntactic Entailment}{section.5}% 21
\BOOKMARK [2][-]{subsection.5.3}{Completeness Theorem}{section.5}% 22
\BOOKMARK [2][-]{subsection.5.4}{Applications}{section.5}% 23
\BOOKMARK [2][-]{subsection.5.5}{Peano Arithmetic}{section.5}% 24
\BOOKMARK [1][-]{section.6}{Set Theory}{}% 25
\BOOKMARK [2][-]{subsection.6.1}{The Axioms of Zermelo-Fraenkel Set Theory}{section.6}% 26
